<?xml version="1.0" encoding="UTF-8"?>
<coverage generated="1772810049073" clover="3.2.0">
  <project timestamp="1772810049073" name="All files">
    <metrics statements="836" coveredstatements="792" conditionals="700" coveredconditionals="616" methods="94" coveredmethods="92" elements="1630" coveredelements="1500" complexity="0" loc="836" ncloc="836" packages="4" files="9" classes="9"/>
    <package name="src.generator">
      <metrics statements="144" coveredstatements="142" conditionals="133" coveredconditionals="122" methods="7" coveredmethods="7"/>
      <file name="validate-directive.ts" path="/Users/danilt/prisma-guard/src/generator/validate-directive.ts">
        <metrics statements="144" coveredstatements="142" conditionals="133" coveredconditionals="122" methods="7" coveredmethods="7"/>
        <line num="1" count="2" type="stmt"/>
        <line num="13" count="2" type="stmt"/>
        <line num="14" count="2" type="stmt"/>
        <line num="21" count="104" type="cond" truecount="2" falsecount="0"/>
        <line num="22" count="1" type="stmt"/>
        <line num="25" count="103" type="stmt"/>
        <line num="26" count="103" type="cond" truecount="2" falsecount="0"/>
        <line num="27" count="1" type="stmt"/>
        <line num="29" count="102" type="cond" truecount="2" falsecount="0"/>
        <line num="30" count="1" type="stmt"/>
        <line num="33" count="101" type="stmt"/>
        <line num="34" count="101" type="stmt"/>
        <line num="37" count="1980" type="cond" truecount="2" falsecount="0"/>
        <line num="41" count="1125" type="cond" truecount="1" falsecount="1"/>
        <line num="45" count="562" type="cond" truecount="3" falsecount="0"/>
        <line num="46" count="9" type="stmt"/>
        <line num="51" count="15" type="stmt"/>
        <line num="52" count="15" type="cond" truecount="3" falsecount="1"/>
        <line num="53" count="15" type="stmt"/>
        <line num="54" count="15" type="stmt"/>
        <line num="55" count="75" type="stmt"/>
        <line num="56" count="75" type="cond" truecount="2" falsecount="0"/>
        <line num="57" count="6" type="stmt"/>
        <line num="58" count="6" type="cond" truecount="4" falsecount="0"/>
        <line num="59" count="3" type="stmt"/>
        <line num="60" count="3" type="stmt"/>
        <line num="62" count="3" type="cond" truecount="2" falsecount="0"/>
        <line num="64" count="69" type="cond" truecount="2" falsecount="0"/>
        <line num="65" count="9" type="stmt"/>
        <line num="66" count="9" type="stmt"/>
        <line num="68" count="60" type="cond" truecount="2" falsecount="0"/>
        <line num="69" count="2" type="stmt"/>
        <line num="71" count="58" type="stmt"/>
        <line num="73" count="1" type="stmt"/>
        <line num="77" count="62" type="stmt"/>
        <line num="78" count="62" type="cond" truecount="2" falsecount="0"/>
        <line num="79" count="62" type="cond" truecount="4" falsecount="0"/>
        <line num="80" count="1" type="stmt"/>
        <line num="81" count="1" type="stmt"/>
        <line num="83" count="76" type="cond" truecount="2" falsecount="0"/>
        <line num="84" count="61" type="cond" truecount="2" falsecount="0"/>
        <line num="85" count="5" type="stmt"/>
        <line num="86" count="5" type="cond" truecount="2" falsecount="0"/>
        <line num="87" count="2" type="stmt"/>
        <line num="89" count="5" type="cond" truecount="2" falsecount="0"/>
        <line num="91" count="59" type="cond" truecount="4" falsecount="0"/>
        <line num="92" count="7" type="stmt"/>
        <line num="93" count="7" type="cond" truecount="2" falsecount="0"/>
        <line num="94" count="7" type="cond" truecount="2" falsecount="0"/>
        <line num="95" count="2" type="stmt"/>
        <line num="97" count="5" type="cond" truecount="2" falsecount="0"/>
        <line num="98" count="2" type="stmt"/>
        <line num="100" count="3" type="cond" truecount="2" falsecount="0"/>
        <line num="102" count="55" type="stmt"/>
        <line num="106" count="105" type="stmt"/>
        <line num="107" count="105" type="stmt"/>
        <line num="109" count="105" type="cond" truecount="4" falsecount="0"/>
        <line num="110" count="4" type="stmt"/>
        <line num="112" count="101" type="cond" truecount="2" falsecount="0"/>
        <line num="113" count="2" type="stmt"/>
        <line num="115" count="99" type="cond" truecount="4" falsecount="0"/>
        <line num="116" count="1" type="stmt"/>
        <line num="119" count="98" type="cond" truecount="4" falsecount="0"/>
        <line num="120" count="15" type="stmt"/>
        <line num="123" count="83" type="cond" truecount="2" falsecount="0"/>
        <line num="124" count="6" type="stmt"/>
        <line num="125" count="6" type="stmt"/>
        <line num="126" count="6" type="cond" truecount="2" falsecount="0"/>
        <line num="127" count="2" type="stmt"/>
        <line num="128" count="2" type="stmt"/>
        <line num="130" count="4" type="stmt"/>
        <line num="131" count="4" type="cond" truecount="1" falsecount="1"/>
        <line num="132" count="4" type="stmt"/>
        <line num="133" count="4" type="stmt"/>
        <line num="134" count="7" type="stmt"/>
        <line num="135" count="7" type="stmt"/>
        <line num="136" count="7" type="cond" truecount="1" falsecount="1"/>
        <line num="137" count="7" type="stmt"/>
        <line num="139" count="4" type="cond" truecount="2" falsecount="0"/>
        <line num="140" count="2" type="stmt"/>
        <line num="142" count="2" type="stmt"/>
        <line num="143" count="2" type="stmt"/>
        <line num="146" count="77" type="cond" truecount="4" falsecount="0"/>
        <line num="147" count="62" type="stmt"/>
        <line num="150" count="15" type="cond" truecount="2" falsecount="0"/>
        <line num="151" count="2" type="stmt"/>
        <line num="152" count="2" type="cond" truecount="3" falsecount="1"/>
        <line num="153" count="2" type="stmt"/>
        <line num="154" count="2" type="stmt"/>
        <line num="157" count="13" type="cond" truecount="2" falsecount="0"/>
        <line num="158" count="1" type="stmt"/>
        <line num="159" count="1" type="cond" truecount="3" falsecount="1"/>
        <line num="160" count="1" type="stmt"/>
        <line num="161" count="1" type="stmt"/>
        <line num="164" count="12" type="cond" truecount="2" falsecount="0"/>
        <line num="165" count="2" type="stmt"/>
        <line num="166" count="2" type="cond" truecount="3" falsecount="1"/>
        <line num="167" count="2" type="stmt"/>
        <line num="168" count="2" type="stmt"/>
        <line num="172" count="10" type="cond" truecount="2" falsecount="0"/>
        <line num="173" count="2" type="stmt"/>
        <line num="175" count="8" type="cond" truecount="2" falsecount="0"/>
        <line num="176" count="2" type="stmt"/>
        <line num="178" count="6" type="cond" truecount="2" falsecount="0"/>
        <line num="179" count="2" type="stmt"/>
        <line num="182" count="4" type="cond" truecount="2" falsecount="0"/>
        <line num="183" count="3" type="stmt"/>
        <line num="186" count="1" type="stmt"/>
        <line num="189" count="101" type="stmt"/>
        <line num="190" count="130" type="stmt"/>
        <line num="191" count="130" type="cond" truecount="1" falsecount="1"/>
        <line num="193" count="130" type="cond" truecount="1" falsecount="1"/>
        <line num="194" count="0" type="stmt"/>
        <line num="196" count="130" type="stmt"/>
        <line num="198" count="130" type="cond" truecount="2" falsecount="0"/>
        <line num="199" count="2" type="stmt"/>
        <line num="202" count="128" type="stmt"/>
        <line num="203" count="128" type="cond" truecount="2" falsecount="0"/>
        <line num="204" count="581" type="stmt"/>
        <line num="207" count="128" type="cond" truecount="2" falsecount="0"/>
        <line num="208" count="4" type="stmt"/>
        <line num="211" count="124" type="stmt"/>
        <line num="213" count="124" type="cond" truecount="2" falsecount="0"/>
        <line num="214" count="1" type="stmt"/>
        <line num="216" count="123" type="stmt"/>
        <line num="218" count="123" type="stmt"/>
        <line num="220" count="123" type="cond" truecount="2" falsecount="0"/>
        <line num="221" count="93" type="stmt"/>
        <line num="222" count="93" type="cond" truecount="2" falsecount="0"/>
        <line num="223" count="62" type="stmt"/>
        <line num="224" count="62" type="stmt"/>
        <line num="225" count="1" type="stmt"/>
        <line num="226" count="1" type="stmt"/>
        <line num="227" count="1" type="cond" truecount="1" falsecount="1"/>
        <line num="228" count="1" type="stmt"/>
        <line num="232" count="92" type="cond" truecount="2" falsecount="0"/>
        <line num="233" count="2" type="stmt"/>
        <line num="235" count="90" type="stmt"/>
        <line num="237" count="90" type="stmt"/>
        <line num="238" count="90" type="cond" truecount="2" falsecount="0"/>
        <line num="239" count="1" type="stmt"/>
        <line num="243" count="60" type="cond" truecount="1" falsecount="1"/>
        <line num="244" count="0" type="stmt"/>
        <line num="247" count="60" type="stmt"/>
      </file>
    </package>
    <package name="src.runtime">
      <metrics statements="672" coveredstatements="630" conditionals="562" coveredconditionals="491" methods="79" coveredmethods="77"/>
      <file name="guard.ts" path="/Users/danilt/prisma-guard/src/runtime/guard.ts">
        <metrics statements="7" coveredstatements="7" conditionals="0" coveredconditionals="0" methods="5" coveredmethods="5"/>
        <line num="17" count="62" type="stmt"/>
        <line num="22" count="62" type="stmt"/>
        <line num="27" count="62" type="stmt"/>
        <line num="29" count="1" type="stmt"/>
        <line num="32" count="1" type="stmt"/>
        <line num="38" count="3" type="stmt"/>
        <line num="40" count="57" type="stmt"/>
      </file>
      <file name="policy.ts" path="/Users/danilt/prisma-guard/src/runtime/policy.ts">
        <metrics statements="2" coveredstatements="2" conditionals="4" coveredconditionals="4" methods="1" coveredmethods="1"/>
        <line num="4" count="10" type="cond" truecount="4" falsecount="0"/>
        <line num="5" count="4" type="stmt"/>
      </file>
      <file name="query-builder.ts" path="/Users/danilt/prisma-guard/src/runtime/query-builder.ts">
        <metrics statements="347" coveredstatements="311" conditionals="293" coveredconditionals="237" methods="26" coveredmethods="24"/>
        <line num="11" count="5" type="stmt"/>
        <line num="22" count="5" type="stmt"/>
        <line num="27" count="5" type="stmt"/>
        <line num="28" count="5" type="stmt"/>
        <line num="44" count="178" type="cond" truecount="3" falsecount="0"/>
        <line num="49" count="137" type="cond" truecount="1" falsecount="1"/>
        <line num="50" count="137" type="stmt"/>
        <line num="51" count="148" type="cond" truecount="2" falsecount="0"/>
        <line num="58" count="66" type="stmt"/>
        <line num="59" count="66" type="cond" truecount="2" falsecount="0"/>
        <line num="61" count="65" type="stmt"/>
        <line num="62" count="65" type="stmt"/>
        <line num="64" count="65" type="stmt"/>
        <line num="65" count="72" type="stmt"/>
        <line num="66" count="72" type="cond" truecount="2" falsecount="0"/>
        <line num="67" count="70" type="cond" truecount="2" falsecount="0"/>
        <line num="68" count="68" type="cond" truecount="2" falsecount="0"/>
        <line num="70" count="66" type="stmt"/>
        <line num="71" count="66" type="stmt"/>
        <line num="72" count="66" type="stmt"/>
        <line num="73" count="66" type="stmt"/>
        <line num="75" count="66" type="stmt"/>
        <line num="76" count="68" type="cond" truecount="2" falsecount="0"/>
        <line num="77" count="52" type="stmt"/>
        <line num="78" count="52" type="stmt"/>
        <line num="79" count="52" type="cond" truecount="4" falsecount="0"/>
        <line num="80" count="45" type="stmt"/>
        <line num="83" count="16" type="stmt"/>
        <line num="87" count="66" type="cond" truecount="2" falsecount="0"/>
        <line num="88" count="45" type="stmt"/>
        <line num="91" count="66" type="cond" truecount="2" falsecount="0"/>
        <line num="92" count="51" type="stmt"/>
        <line num="95" count="66" type="cond" truecount="2" falsecount="0"/>
        <line num="96" count="16" type="stmt"/>
        <line num="100" count="59" type="cond" truecount="2" falsecount="0"/>
        <line num="104" count="66" type="stmt"/>
        <line num="112" count="5" type="cond" truecount="2" falsecount="0"/>
        <line num="113" count="2" type="stmt"/>
        <line num="116" count="3" type="stmt"/>
        <line num="117" count="3" type="cond" truecount="1" falsecount="1"/>
        <line num="119" count="3" type="stmt"/>
        <line num="120" count="3" type="stmt"/>
        <line num="121" count="4" type="cond" truecount="1" falsecount="1"/>
        <line num="122" count="4" type="stmt"/>
        <line num="123" count="4" type="cond" truecount="2" falsecount="0"/>
        <line num="125" count="2" type="stmt"/>
        <line num="127" count="1" type="stmt"/>
        <line num="134" count="7" type="stmt"/>
        <line num="135" count="7" type="cond" truecount="1" falsecount="1"/>
        <line num="137" count="7" type="cond" truecount="2" falsecount="0"/>
        <line num="138" count="1" type="stmt"/>
        <line num="141" count="6" type="cond" truecount="4" falsecount="0"/>
        <line num="142" count="2" type="stmt"/>
        <line num="145" count="4" type="stmt"/>
        <line num="146" count="4" type="stmt"/>
        <line num="148" count="4" type="stmt"/>
        <line num="149" count="4" type="stmt"/>
        <line num="150" count="4" type="cond" truecount="2" falsecount="0"/>
        <line num="151" count="3" type="cond" truecount="2" falsecount="0"/>
        <line num="152" count="1" type="stmt"/>
        <line num="155" count="1" type="stmt"/>
        <line num="156" count="1" type="stmt"/>
        <line num="164" count="10" type="stmt"/>
        <line num="165" count="10" type="cond" truecount="1" falsecount="1"/>
        <line num="167" count="10" type="stmt"/>
        <line num="168" count="10" type="stmt"/>
        <line num="169" count="12" type="stmt"/>
        <line num="170" count="12" type="cond" truecount="2" falsecount="0"/>
        <line num="171" count="9" type="cond" truecount="2" falsecount="0"/>
        <line num="172" count="6" type="stmt"/>
        <line num="174" count="4" type="stmt"/>
        <line num="181" count="5" type="stmt"/>
        <line num="182" count="5" type="cond" truecount="1" falsecount="1"/>
        <line num="184" count="5" type="stmt"/>
        <line num="185" count="5" type="stmt"/>
        <line num="186" count="5" type="cond" truecount="2" falsecount="0"/>
        <line num="187" count="3" type="cond" truecount="2" falsecount="0"/>
        <line num="189" count="1" type="stmt"/>
        <line num="196" count="7" type="stmt"/>
        <line num="197" count="7" type="cond" truecount="1" falsecount="1"/>
        <line num="199" count="7" type="stmt"/>
        <line num="200" count="7" type="stmt"/>
        <line num="201" count="7" type="stmt"/>
        <line num="202" count="7" type="cond" truecount="2" falsecount="0"/>
        <line num="203" count="6" type="cond" truecount="2" falsecount="0"/>
        <line num="204" count="4" type="stmt"/>
        <line num="206" count="4" type="stmt"/>
        <line num="213" count="0" type="stmt"/>
        <line num="214" count="0" type="cond" truecount="0" falsecount="2"/>
        <line num="216" count="0" type="stmt"/>
        <line num="217" count="0" type="stmt"/>
        <line num="218" count="0" type="cond" truecount="0" falsecount="2"/>
        <line num="219" count="0" type="cond" truecount="0" falsecount="2"/>
        <line num="222" count="0" type="stmt"/>
        <line num="223" count="0" type="stmt"/>
        <line num="230" count="22" type="stmt"/>
        <line num="231" count="22" type="cond" truecount="1" falsecount="1"/>
        <line num="233" count="22" type="stmt"/>
        <line num="234" count="22" type="stmt"/>
        <line num="236" count="22" type="stmt"/>
        <line num="237" count="22" type="cond" truecount="2" falsecount="0"/>
        <line num="238" count="7" type="stmt"/>
        <line num="239" count="7" type="stmt"/>
        <line num="242" count="15" type="stmt"/>
        <line num="243" count="15" type="cond" truecount="1" falsecount="1"/>
        <line num="244" count="15" type="cond" truecount="2" falsecount="0"/>
        <line num="246" count="14" type="cond" truecount="2" falsecount="0"/>
        <line num="247" count="1" type="stmt"/>
        <line num="249" count="13" type="cond" truecount="4" falsecount="0"/>
        <line num="250" count="3" type="stmt"/>
        <line num="255" count="10" type="stmt"/>
        <line num="256" count="10" type="stmt"/>
        <line num="258" count="10" type="cond" truecount="2" falsecount="0"/>
        <line num="259" count="6" type="stmt"/>
        <line num="260" count="6" type="cond" truecount="2" falsecount="0"/>
        <line num="261" count="6" type="cond" truecount="2" falsecount="0"/>
        <line num="263" count="10" type="cond" truecount="1" falsecount="1"/>
        <line num="264" count="0" type="stmt"/>
        <line num="265" count="0" type="stmt"/>
        <line num="266" count="0" type="cond" truecount="0" falsecount="2"/>
        <line num="268" count="10" type="cond" truecount="2" falsecount="0"/>
        <line num="269" count="2" type="stmt"/>
        <line num="270" count="2" type="stmt"/>
        <line num="271" count="2" type="cond" truecount="1" falsecount="1"/>
        <line num="273" count="10" type="cond" truecount="2" falsecount="0"/>
        <line num="274" count="2" type="stmt"/>
        <line num="276" count="10" type="cond" truecount="2" falsecount="0"/>
        <line num="277" count="2" type="stmt"/>
        <line num="279" count="10" type="cond" truecount="2" falsecount="0"/>
        <line num="280" count="2" type="stmt"/>
        <line num="282" count="10" type="cond" truecount="2" falsecount="0"/>
        <line num="283" count="2" type="stmt"/>
        <line num="286" count="10" type="stmt"/>
        <line num="287" count="10" type="stmt"/>
        <line num="289" count="10" type="cond" truecount="2" falsecount="0"/>
        <line num="293" count="13" type="stmt"/>
        <line num="303" count="19" type="stmt"/>
        <line num="304" count="19" type="cond" truecount="1" falsecount="1"/>
        <line num="306" count="19" type="stmt"/>
        <line num="307" count="19" type="stmt"/>
        <line num="309" count="19" type="stmt"/>
        <line num="310" count="28" type="cond" truecount="1" falsecount="1"/>
        <line num="311" count="0" type="stmt"/>
        <line num="312" count="0" type="stmt"/>
        <line num="315" count="28" type="stmt"/>
        <line num="316" count="28" type="cond" truecount="1" falsecount="1"/>
        <line num="318" count="28" type="cond" truecount="2" falsecount="0"/>
        <line num="319" count="18" type="stmt"/>
        <line num="321" count="10" type="cond" truecount="2" falsecount="0"/>
        <line num="322" count="3" type="stmt"/>
        <line num="324" count="7" type="stmt"/>
        <line num="325" count="7" type="stmt"/>
        <line num="327" count="7" type="cond" truecount="2" falsecount="0"/>
        <line num="328" count="6" type="stmt"/>
        <line num="329" count="6" type="stmt"/>
        <line num="330" count="6" type="cond" truecount="1" falsecount="1"/>
        <line num="332" count="7" type="cond" truecount="2" falsecount="0"/>
        <line num="333" count="4" type="stmt"/>
        <line num="334" count="4" type="cond" truecount="2" falsecount="0"/>
        <line num="335" count="4" type="cond" truecount="1" falsecount="1"/>
        <line num="337" count="7" type="cond" truecount="2" falsecount="0"/>
        <line num="338" count="2" type="stmt"/>
        <line num="340" count="7" type="cond" truecount="2" falsecount="0"/>
        <line num="341" count="2" type="stmt"/>
        <line num="343" count="7" type="cond" truecount="2" falsecount="0"/>
        <line num="344" count="2" type="stmt"/>
        <line num="346" count="7" type="cond" truecount="2" falsecount="0"/>
        <line num="347" count="2" type="stmt"/>
        <line num="350" count="7" type="stmt"/>
        <line num="351" count="7" type="stmt"/>
        <line num="353" count="7" type="cond" truecount="2" falsecount="0"/>
        <line num="357" count="16" type="stmt"/>
        <line num="367" count="11" type="stmt"/>
        <line num="368" count="11" type="cond" truecount="1" falsecount="1"/>
        <line num="370" count="11" type="stmt"/>
        <line num="372" count="11" type="stmt"/>
        <line num="373" count="13" type="stmt"/>
        <line num="374" count="13" type="cond" truecount="1" falsecount="1"/>
        <line num="375" count="13" type="cond" truecount="2" falsecount="0"/>
        <line num="376" count="11" type="cond" truecount="2" falsecount="0"/>
        <line num="378" count="8" type="stmt"/>
        <line num="381" count="6" type="stmt"/>
        <line num="382" count="6" type="stmt"/>
        <line num="386" count="11" type="cond" truecount="2" falsecount="0"/>
        <line num="387" count="3" type="stmt"/>
        <line num="389" count="8" type="stmt"/>
        <line num="393" count="141" type="stmt"/>
        <line num="394" count="141" type="stmt"/>
        <line num="395" count="151" type="cond" truecount="4" falsecount="0"/>
        <line num="396" count="13" type="stmt"/>
        <line num="399" count="128" type="cond" truecount="4" falsecount="0"/>
        <line num="400" count="2" type="stmt"/>
        <line num="402" count="126" type="cond" truecount="4" falsecount="0"/>
        <line num="403" count="2" type="stmt"/>
        <line num="405" count="124" type="cond" truecount="4" falsecount="1"/>
        <line num="406" count="0" type="stmt"/>
        <line num="408" count="124" type="cond" truecount="4" falsecount="1"/>
        <line num="409" count="0" type="stmt"/>
        <line num="418" count="141" type="stmt"/>
        <line num="420" count="141" type="stmt"/>
        <line num="421" count="141" type="stmt"/>
        <line num="422" count="141" type="stmt"/>
        <line num="423" count="141" type="stmt"/>
        <line num="425" count="141" type="cond" truecount="2" falsecount="0"/>
        <line num="426" count="56" type="stmt"/>
        <line num="427" count="56" type="cond" truecount="2" falsecount="0"/>
        <line num="428" count="49" type="stmt"/>
        <line num="431" count="117" type="cond" truecount="2" falsecount="0"/>
        <line num="432" count="22" type="stmt"/>
        <line num="433" count="22" type="stmt"/>
        <line num="434" count="22" type="stmt"/>
        <line num="437" count="108" type="cond" truecount="2" falsecount="0"/>
        <line num="438" count="11" type="stmt"/>
        <line num="439" count="11" type="stmt"/>
        <line num="440" count="11" type="stmt"/>
        <line num="443" count="105" type="cond" truecount="2" falsecount="0"/>
        <line num="444" count="7" type="stmt"/>
        <line num="447" count="100" type="cond" truecount="2" falsecount="0"/>
        <line num="448" count="3" type="stmt"/>
        <line num="451" count="97" type="cond" truecount="2" falsecount="0"/>
        <line num="452" count="7" type="stmt"/>
        <line num="455" count="94" type="cond" truecount="2" falsecount="0"/>
        <line num="456" count="2" type="stmt"/>
        <line num="459" count="94" type="cond" truecount="1" falsecount="1"/>
        <line num="460" count="0" type="stmt"/>
        <line num="463" count="94" type="cond" truecount="2" falsecount="0"/>
        <line num="464" count="5" type="stmt"/>
        <line num="467" count="92" type="cond" truecount="2" falsecount="0"/>
        <line num="468" count="4" type="stmt"/>
        <line num="471" count="89" type="cond" truecount="2" falsecount="0"/>
        <line num="472" count="3" type="stmt"/>
        <line num="475" count="87" type="cond" truecount="2" falsecount="0"/>
        <line num="476" count="2" type="stmt"/>
        <line num="479" count="86" type="cond" truecount="2" falsecount="0"/>
        <line num="480" count="1" type="stmt"/>
        <line num="483" count="86" type="cond" truecount="2" falsecount="0"/>
        <line num="484" count="5" type="stmt"/>
        <line num="487" count="82" type="stmt"/>
        <line num="499" count="11" type="cond" truecount="2" falsecount="0"/>
        <line num="500" count="7" type="stmt"/>
        <line num="508" count="9" type="stmt"/>
        <line num="509" count="9" type="cond" truecount="1" falsecount="1"/>
        <line num="511" count="9" type="stmt"/>
        <line num="512" count="9" type="stmt"/>
        <line num="513" count="9" type="cond" truecount="2" falsecount="0"/>
        <line num="515" count="8" type="cond" truecount="2" falsecount="0"/>
        <line num="516" count="4" type="stmt"/>
        <line num="517" count="4" type="cond" truecount="1" falsecount="1"/>
        <line num="518" count="4" type="cond" truecount="1" falsecount="1"/>
        <line num="519" count="0" type="stmt"/>
        <line num="520" count="0" type="stmt"/>
        <line num="522" count="4" type="cond" truecount="1" falsecount="1"/>
        <line num="523" count="0" type="stmt"/>
        <line num="524" count="0" type="stmt"/>
        <line num="526" count="4" type="cond" truecount="2" falsecount="2"/>
        <line num="527" count="0" type="stmt"/>
        <line num="531" count="4" type="cond" truecount="1" falsecount="1"/>
        <line num="532" count="4" type="stmt"/>
        <line num="535" count="4" type="cond" truecount="1" falsecount="1"/>
        <line num="536" count="4" type="stmt"/>
        <line num="537" count="4" type="cond" truecount="1" falsecount="1"/>
        <line num="538" count="4" type="stmt"/>
        <line num="543" count="4" type="cond" truecount="1" falsecount="1"/>
        <line num="544" count="0" type="cond" truecount="0" falsecount="2"/>
        <line num="545" count="0" type="stmt"/>
        <line num="547" count="4" type="cond" truecount="1" falsecount="1"/>
        <line num="548" count="0" type="cond" truecount="0" falsecount="2"/>
        <line num="549" count="0" type="stmt"/>
        <line num="551" count="4" type="cond" truecount="2" falsecount="2"/>
        <line num="552" count="0" type="stmt"/>
        <line num="563" count="0" type="stmt"/>
        <line num="564" count="0" type="stmt"/>
        <line num="565" count="0" type="stmt"/>
        <line num="566" count="0" type="cond" truecount="0" falsecount="2"/>
        <line num="567" count="0" type="cond" truecount="0" falsecount="2"/>
        <line num="568" count="0" type="cond" truecount="0" falsecount="2"/>
        <line num="569" count="0" type="cond" truecount="0" falsecount="2"/>
        <line num="571" count="0" type="stmt"/>
        <line num="578" count="23" type="cond" truecount="2" falsecount="0"/>
        <line num="579" count="11" type="stmt"/>
        <line num="582" count="12" type="stmt"/>
        <line num="584" count="12" type="stmt"/>
        <line num="585" count="15" type="cond" truecount="2" falsecount="0"/>
        <line num="586" count="12" type="stmt"/>
        <line num="587" count="12" type="stmt"/>
        <line num="588" count="12" type="cond" truecount="2" falsecount="0"/>
        <line num="590" count="9" type="stmt"/>
        <line num="591" count="9" type="stmt"/>
        <line num="592" count="33" type="stmt"/>
        <line num="593" count="33" type="cond" truecount="2" falsecount="0"/>
        <line num="594" count="22" type="cond" truecount="1" falsecount="1"/>
        <line num="595" count="0" type="stmt"/>
        <line num="596" count="0" type="stmt"/>
        <line num="599" count="9" type="cond" truecount="1" falsecount="1"/>
        <line num="602" count="12" type="cond" truecount="2" falsecount="0"/>
        <line num="603" count="6" type="cond" truecount="2" falsecount="0"/>
        <line num="604" count="3" type="stmt"/>
        <line num="605" count="6" type="stmt"/>
        <line num="608" count="3" type="stmt"/>
        <line num="616" count="142" type="cond" truecount="2" falsecount="0"/>
        <line num="617" count="142" type="stmt"/>
        <line num="619" count="142" type="cond" truecount="4" falsecount="0"/>
        <line num="620" count="103" type="stmt"/>
        <line num="621" count="103" type="stmt"/>
        <line num="624" count="83" type="cond" truecount="2" falsecount="0"/>
        <line num="625" count="34" type="stmt"/>
        <line num="626" count="41" type="cond" truecount="2" falsecount="0"/>
        <line num="627" count="2" type="stmt"/>
        <line num="633" count="32" type="stmt"/>
        <line num="634" count="38" type="cond" truecount="2" falsecount="0"/>
        <line num="635" count="32" type="stmt"/>
        <line num="636" count="32" type="stmt"/>
        <line num="641" count="81" type="stmt"/>
        <line num="643" count="76" type="stmt"/>
        <line num="648" count="78" type="cond" truecount="2" falsecount="0"/>
        <line num="649" count="47" type="cond" truecount="2" falsecount="0"/>
        <line num="650" count="5" type="stmt"/>
        <line num="651" count="5" type="stmt"/>
        <line num="652" count="5" type="stmt"/>
        <line num="654" count="42" type="stmt"/>
        <line num="657" count="31" type="cond" truecount="2" falsecount="0"/>
        <line num="658" count="4" type="stmt"/>
        <line num="660" count="27" type="stmt"/>
        <line num="661" count="27" type="cond" truecount="2" falsecount="0"/>
        <line num="662" count="4" type="stmt"/>
        <line num="665" count="23" type="stmt"/>
        <line num="666" count="23" type="cond" truecount="2" falsecount="0"/>
        <line num="667" count="6" type="stmt"/>
        <line num="668" count="6" type="stmt"/>
        <line num="671" count="14" type="stmt"/>
        <line num="672" count="14" type="stmt"/>
        <line num="674" count="14" type="cond" truecount="2" falsecount="0"/>
        <line num="675" count="5" type="stmt"/>
        <line num="676" count="5" type="stmt"/>
        <line num="677" count="5" type="stmt"/>
        <line num="679" count="9" type="stmt"/>
        <line num="682" count="12" type="stmt"/>
        <line num="683" count="12" type="stmt"/>
        <line num="686" count="57" type="stmt"/>
        <line num="688" count="57" type="cond" truecount="2" falsecount="0"/>
        <line num="689" count="7" type="stmt"/>
        <line num="695" count="52" type="cond" truecount="2" falsecount="0"/>
        <line num="696" count="5" type="stmt"/>
        <line num="699" count="52" type="cond" truecount="2" falsecount="0"/>
        <line num="700" count="4" type="stmt"/>
        <line num="703" count="52" type="stmt"/>
        <line num="708" count="162" type="stmt"/>
      </file>
      <file name="schema-builder.ts" path="/Users/danilt/prisma-guard/src/runtime/schema-builder.ts">
        <metrics statements="126" coveredstatements="125" conditionals="102" coveredconditionals="97" methods="14" coveredmethods="14"/>
        <line num="6" count="5" type="stmt"/>
        <line num="7" count="5" type="stmt"/>
        <line num="10" count="553" type="stmt"/>
        <line num="11" count="553" type="cond" truecount="2" falsecount="0"/>
        <line num="12" count="1" type="stmt"/>
        <line num="13" count="1" type="stmt"/>
        <line num="15" count="553" type="stmt"/>
        <line num="19" count="548" type="cond" truecount="1" falsecount="1"/>
        <line num="20" count="548" type="stmt"/>
        <line num="21" count="548" type="cond" truecount="2" falsecount="0"/>
        <line num="22" count="11" type="stmt"/>
        <line num="23" count="11" type="cond" truecount="1" falsecount="1"/>
        <line num="32" count="113" type="stmt"/>
        <line num="35" count="553" type="stmt"/>
        <line num="37" count="553" type="stmt"/>
        <line num="38" count="553" type="cond" truecount="2" falsecount="0"/>
        <line num="40" count="552" type="stmt"/>
        <line num="41" count="552" type="cond" truecount="2" falsecount="0"/>
        <line num="43" count="551" type="stmt"/>
        <line num="44" count="551" type="cond" truecount="2" falsecount="0"/>
        <line num="46" count="550" type="stmt"/>
        <line num="48" count="550" type="stmt"/>
        <line num="49" count="550" type="stmt"/>
        <line num="50" count="553" type="cond" truecount="2" falsecount="0"/>
        <line num="51" count="13" type="stmt"/>
        <line num="52" count="13" type="stmt"/>
        <line num="54" count="2" type="stmt"/>
        <line num="61" count="548" type="stmt"/>
        <line num="62" count="548" type="stmt"/>
        <line num="66" count="25" type="cond" truecount="1" falsecount="1"/>
        <line num="67" count="25" type="cond" truecount="2" falsecount="0"/>
        <line num="69" count="25" type="stmt"/>
        <line num="70" count="25" type="cond" truecount="2" falsecount="0"/>
        <line num="72" count="23" type="stmt"/>
        <line num="73" count="195" type="stmt"/>
        <line num="74" count="195" type="cond" truecount="2" falsecount="0"/>
        <line num="77" count="23" type="cond" truecount="2" falsecount="0"/>
        <line num="78" count="18" type="stmt"/>
        <line num="79" count="29" type="cond" truecount="2" falsecount="0"/>
        <line num="80" count="28" type="cond" truecount="2" falsecount="0"/>
        <line num="81" count="26" type="cond" truecount="2" falsecount="0"/>
        <line num="83" count="76" type="stmt"/>
        <line num="84" count="5" type="cond" truecount="2" falsecount="0"/>
        <line num="85" count="4" type="stmt"/>
        <line num="86" count="4" type="cond" truecount="2" falsecount="0"/>
        <line num="88" count="10" type="stmt"/>
        <line num="91" count="16" type="stmt"/>
        <line num="93" count="16" type="stmt"/>
        <line num="94" count="38" type="stmt"/>
        <line num="97" count="38" type="cond" truecount="2" falsecount="0"/>
        <line num="98" count="2" type="stmt"/>
        <line num="99" count="2" type="stmt"/>
        <line num="101" count="36" type="stmt"/>
        <line num="104" count="38" type="cond" truecount="2" falsecount="0"/>
        <line num="105" count="30" type="cond" truecount="2" falsecount="0"/>
        <line num="106" count="5" type="cond" truecount="2" falsecount="0"/>
        <line num="109" count="25" type="cond" truecount="2" falsecount="0"/>
        <line num="110" count="5" type="stmt"/>
        <line num="113" count="8" type="cond" truecount="3" falsecount="1"/>
        <line num="114" count="0" type="stmt"/>
        <line num="116" count="8" type="stmt"/>
        <line num="120" count="38" type="stmt"/>
        <line num="123" count="16" type="stmt"/>
        <line num="125" count="16" type="cond" truecount="2" falsecount="0"/>
        <line num="126" count="1" type="stmt"/>
        <line num="129" count="16" type="stmt"/>
        <line num="132" count="21" type="stmt"/>
        <line num="138" count="46" type="cond" truecount="3" falsecount="0"/>
        <line num="139" count="46" type="cond" truecount="2" falsecount="0"/>
        <line num="140" count="4" type="stmt"/>
        <line num="143" count="42" type="stmt"/>
        <line num="144" count="42" type="cond" truecount="2" falsecount="0"/>
        <line num="146" count="40" type="cond" truecount="2" falsecount="0"/>
        <line num="148" count="46" type="cond" truecount="2" falsecount="0"/>
        <line num="149" count="16" type="stmt"/>
        <line num="150" count="21" type="cond" truecount="2" falsecount="0"/>
        <line num="151" count="18" type="cond" truecount="4" falsecount="0"/>
        <line num="152" count="3" type="stmt"/>
        <line num="156" count="34" type="cond" truecount="2" falsecount="0"/>
        <line num="157" count="3" type="stmt"/>
        <line num="158" count="3" type="cond" truecount="2" falsecount="0"/>
        <line num="162" count="32" type="stmt"/>
        <line num="163" count="170" type="stmt"/>
        <line num="164" count="170" type="stmt"/>
        <line num="167" count="32" type="cond" truecount="2" falsecount="0"/>
        <line num="168" count="48" type="stmt"/>
        <line num="169" count="22" type="cond" truecount="2" falsecount="0"/>
        <line num="170" count="4" type="stmt"/>
        <line num="173" count="32" type="stmt"/>
        <line num="175" count="32" type="stmt"/>
        <line num="176" count="87" type="stmt"/>
        <line num="177" count="87" type="stmt"/>
        <line num="178" count="87" type="cond" truecount="2" falsecount="0"/>
        <line num="179" count="11" type="stmt"/>
        <line num="181" count="87" type="stmt"/>
        <line num="184" count="32" type="cond" truecount="2" falsecount="0"/>
        <line num="185" count="17" type="stmt"/>
        <line num="186" count="17" type="cond" truecount="2" falsecount="0"/>
        <line num="187" count="16" type="cond" truecount="2" falsecount="0"/>
        <line num="189" count="14" type="stmt"/>
        <line num="190" count="14" type="cond" truecount="2" falsecount="0"/>
        <line num="191" count="2" type="stmt"/>
        <line num="193" count="12" type="stmt"/>
        <line num="194" count="12" type="cond" truecount="2" falsecount="0"/>
        <line num="195" count="2" type="stmt"/>
        <line num="196" count="1" type="cond" truecount="1" falsecount="1"/>
        <line num="197" count="1" type="stmt"/>
        <line num="199" count="3" type="stmt"/>
        <line num="202" count="18" type="cond" truecount="2" falsecount="0"/>
        <line num="203" count="36" type="stmt"/>
        <line num="205" count="6" type="cond" truecount="2" falsecount="0"/>
        <line num="206" count="1" type="stmt"/>
        <line num="207" count="1" type="stmt"/>
        <line num="208" count="2" type="stmt"/>
        <line num="210" count="1" type="stmt"/>
        <line num="212" count="5" type="stmt"/>
        <line num="213" count="5" type="stmt"/>
        <line num="214" count="5" type="cond" truecount="2" falsecount="0"/>
        <line num="215" count="3" type="cond" truecount="2" falsecount="0"/>
        <line num="216" count="1" type="stmt"/>
        <line num="218" count="1" type="stmt"/>
        <line num="222" count="14" type="stmt"/>
        <line num="223" count="14" type="cond" truecount="2" falsecount="0"/>
        <line num="224" count="1" type="stmt"/>
        <line num="226" count="14" type="stmt"/>
        <line num="229" count="113" type="stmt"/>
      </file>
      <file name="scope-extension.ts" path="/Users/danilt/prisma-guard/src/runtime/scope-extension.ts">
        <metrics statements="136" coveredstatements="133" conditionals="116" coveredconditionals="110" methods="20" coveredmethods="20"/>
        <line num="4" count="3" type="stmt"/>
        <line num="10" count="3" type="stmt"/>
        <line num="14" count="3" type="stmt"/>
        <line num="18" count="3" type="stmt"/>
        <line num="22" count="3" type="stmt"/>
        <line num="31" count="20" type="cond" truecount="2" falsecount="0"/>
        <line num="32" count="9" type="cond" truecount="2" falsecount="0"/>
        <line num="33" count="1" type="stmt"/>
        <line num="37" count="12" type="stmt"/>
        <line num="38" count="12" type="cond" truecount="2" falsecount="1"/>
        <line num="51" count="16" type="cond" truecount="2" falsecount="0"/>
        <line num="52" count="6" type="cond" truecount="3" falsecount="1"/>
        <line num="53" count="6" type="stmt"/>
        <line num="57" count="9" type="stmt"/>
        <line num="58" count="9" type="stmt"/>
        <line num="59" count="9" type="stmt"/>
        <line num="66" count="22" type="stmt"/>
        <line num="67" count="22" type="stmt"/>
        <line num="68" count="23" type="cond" truecount="2" falsecount="0"/>
        <line num="70" count="22" type="stmt"/>
        <line num="74" count="65" type="cond" truecount="4" falsecount="0"/>
        <line num="75" count="1" type="stmt"/>
        <line num="79" count="64" type="cond" truecount="4" falsecount="0"/>
        <line num="80" count="3" type="stmt"/>
        <line num="90" count="10" type="stmt"/>
        <line num="91" count="12" type="stmt"/>
        <line num="101" count="72" type="cond" truecount="2" falsecount="0"/>
        <line num="102" count="72" type="cond" truecount="2" falsecount="0"/>
        <line num="104" count="72" type="stmt"/>
        <line num="108" count="72" type="cond" truecount="4" falsecount="0"/>
        <line num="110" count="68" type="stmt"/>
        <line num="111" count="68" type="stmt"/>
        <line num="113" count="73" type="stmt"/>
        <line num="114" count="68" type="stmt"/>
        <line num="115" count="65" type="stmt"/>
        <line num="118" count="64" type="stmt"/>
        <line num="120" count="64" type="stmt"/>
        <line num="121" count="69" type="stmt"/>
        <line num="122" count="8" type="stmt"/>
        <line num="124" count="64" type="cond" truecount="3" falsecount="0"/>
        <line num="128" count="72" type="cond" truecount="2" falsecount="0"/>
        <line num="129" count="8" type="cond" truecount="4" falsecount="0"/>
        <line num="130" count="4" type="stmt"/>
        <line num="131" count="4" type="stmt"/>
        <line num="134" count="4" type="cond" truecount="2" falsecount="0"/>
        <line num="135" count="3" type="stmt"/>
        <line num="136" count="3" type="stmt"/>
        <line num="139" count="4" type="cond" truecount="2" falsecount="0"/>
        <line num="140" count="3" type="stmt"/>
        <line num="144" count="57" type="stmt"/>
        <line num="145" count="57" type="stmt"/>
        <line num="146" count="61" type="stmt"/>
        <line num="149" count="57" type="cond" truecount="2" falsecount="0"/>
        <line num="150" count="1" type="stmt"/>
        <line num="155" count="56" type="cond" truecount="2" falsecount="0"/>
        <line num="156" count="24" type="cond" truecount="1" falsecount="1"/>
        <line num="157" count="0" type="stmt"/>
        <line num="161" count="24" type="stmt"/>
        <line num="164" count="32" type="stmt"/>
        <line num="166" count="32" type="cond" truecount="2" falsecount="0"/>
        <line num="167" count="9" type="stmt"/>
        <line num="168" count="9" type="stmt"/>
        <line num="171" count="23" type="cond" truecount="2" falsecount="0"/>
        <line num="172" count="3" type="stmt"/>
        <line num="173" count="3" type="cond" truecount="4" falsecount="0"/>
        <line num="174" count="1" type="stmt"/>
        <line num="178" count="2" type="stmt"/>
        <line num="181" count="20" type="cond" truecount="2" falsecount="0"/>
        <line num="182" count="9" type="cond" truecount="4" falsecount="0"/>
        <line num="183" count="5" type="cond" truecount="2" falsecount="0"/>
        <line num="184" count="1" type="stmt"/>
        <line num="186" count="4" type="cond" truecount="2" falsecount="0"/>
        <line num="187" count="2" type="stmt"/>
        <line num="189" count="2" type="stmt"/>
        <line num="190" count="3" type="stmt"/>
        <line num="191" count="3" type="stmt"/>
        <line num="192" count="3" type="stmt"/>
        <line num="195" count="4" type="cond" truecount="5" falsecount="0"/>
        <line num="196" count="1" type="stmt"/>
        <line num="198" count="3" type="stmt"/>
        <line num="199" count="3" type="stmt"/>
        <line num="201" count="5" type="stmt"/>
        <line num="204" count="11" type="cond" truecount="2" falsecount="0"/>
        <line num="205" count="8" type="stmt"/>
        <line num="206" count="8" type="cond" truecount="4" falsecount="0"/>
        <line num="207" count="5" type="cond" truecount="4" falsecount="0"/>
        <line num="208" count="1" type="stmt"/>
        <line num="210" count="4" type="stmt"/>
        <line num="211" count="4" type="stmt"/>
        <line num="212" count="5" type="stmt"/>
        <line num="214" count="4" type="stmt"/>
        <line num="216" count="7" type="stmt"/>
        <line num="219" count="3" type="stmt"/>
        <line num="234" count="24" type="stmt"/>
        <line num="235" count="24" type="stmt"/>
        <line num="236" count="24" type="stmt"/>
        <line num="237" count="25" type="stmt"/>
        <line num="239" count="24" type="cond" truecount="2" falsecount="0"/>
        <line num="240" count="4" type="stmt"/>
        <line num="241" count="4" type="stmt"/>
        <line num="242" count="5" type="cond" truecount="2" falsecount="0"/>
        <line num="243" count="3" type="stmt"/>
        <line num="244" count="3" type="stmt"/>
        <line num="249" count="24" type="stmt"/>
        <line num="250" count="24" type="cond" truecount="2" falsecount="0"/>
        <line num="252" count="22" type="cond" truecount="3" falsecount="1"/>
        <line num="253" count="0" type="stmt"/>
        <line num="256" count="22" type="stmt"/>
        <line num="258" count="22" type="stmt"/>
        <line num="259" count="22" type="stmt"/>
        <line num="261" count="22" type="cond" truecount="2" falsecount="0"/>
        <line num="262" count="11" type="stmt"/>
        <line num="263" count="11" type="cond" truecount="5" falsecount="0"/>
        <line num="264" count="2" type="stmt"/>
        <line num="270" count="9" type="stmt"/>
        <line num="271" count="9" type="stmt"/>
        <line num="273" count="2" type="stmt"/>
        <line num="279" count="7" type="cond" truecount="2" falsecount="0"/>
        <line num="280" count="2" type="stmt"/>
        <line num="282" count="5" type="cond" truecount="3" falsecount="1"/>
        <line num="283" count="0" type="stmt"/>
        <line num="286" count="5" type="stmt"/>
        <line num="289" count="16" type="stmt"/>
        <line num="290" count="17" type="stmt"/>
        <line num="291" count="17" type="cond" truecount="2" falsecount="0"/>
        <line num="292" count="1" type="stmt"/>
        <line num="296" count="16" type="cond" truecount="2" falsecount="0"/>
        <line num="297" count="5" type="cond" truecount="2" falsecount="0"/>
        <line num="298" count="2" type="stmt"/>
        <line num="300" count="3" type="stmt"/>
        <line num="304" count="10" type="cond" truecount="2" falsecount="0"/>
        <line num="305" count="3" type="stmt"/>
        <line num="306" count="3" type="stmt"/>
        <line num="307" count="3" type="stmt"/>
        <line num="309" count="3" type="stmt"/>
        <line num="312" count="7" type="stmt"/>
      </file>
      <file name="zod-type-map.ts" path="/Users/danilt/prisma-guard/src/runtime/zod-type-map.ts">
        <metrics statements="54" coveredstatements="52" conditionals="47" coveredconditionals="43" methods="13" coveredmethods="13"/>
        <line num="5" count="10" type="stmt"/>
        <line num="6" count="660" type="stmt"/>
        <line num="7" count="35" type="stmt"/>
        <line num="8" count="1" type="stmt"/>
        <line num="9" count="1" type="stmt"/>
        <line num="12" count="1" type="cond" truecount="1" falsecount="2"/>
        <line num="14" count="1" type="stmt"/>
        <line num="15" count="10" type="stmt"/>
        <line num="16" count="9" type="stmt"/>
        <line num="17" count="1" type="stmt"/>
        <line num="18" count="1" type="stmt"/>
        <line num="20" count="1" type="stmt"/>
        <line num="24" count="10" type="stmt"/>
        <line num="34" count="10" type="stmt"/>
        <line num="39" count="658" type="cond" truecount="2" falsecount="0"/>
        <line num="40" count="7" type="stmt"/>
        <line num="41" count="7" type="cond" truecount="4" falsecount="0"/>
        <line num="42" count="2" type="stmt"/>
        <line num="44" count="5" type="stmt"/>
        <line num="46" count="651" type="stmt"/>
        <line num="47" count="651" type="cond" truecount="2" falsecount="0"/>
        <line num="48" count="2" type="stmt"/>
        <line num="50" count="649" type="stmt"/>
        <line num="53" count="654" type="cond" truecount="2" falsecount="0"/>
        <line num="54" count="1" type="stmt"/>
        <line num="57" count="654" type="stmt"/>
        <line num="65" count="86" type="cond" truecount="2" falsecount="0"/>
        <line num="66" count="9" type="stmt"/>
        <line num="67" count="9" type="cond" truecount="4" falsecount="0"/>
        <line num="68" count="2" type="stmt"/>
        <line num="70" count="7" type="cond" truecount="2" falsecount="0"/>
        <line num="71" count="4" type="stmt"/>
        <line num="73" count="3" type="stmt"/>
        <line num="74" count="3" type="cond" truecount="4" falsecount="0"/>
        <line num="75" count="2" type="cond" truecount="2" falsecount="0"/>
        <line num="77" count="1" type="cond" truecount="1" falsecount="1"/>
        <line num="78" count="0" type="stmt"/>
        <line num="80" count="1" type="stmt"/>
        <line num="83" count="77" type="stmt"/>
        <line num="84" count="77" type="cond" truecount="2" falsecount="0"/>
        <line num="85" count="3" type="stmt"/>
        <line num="87" count="74" type="cond" truecount="2" falsecount="0"/>
        <line num="88" count="4" type="stmt"/>
        <line num="91" count="70" type="stmt"/>
        <line num="92" count="70" type="cond" truecount="1" falsecount="1"/>
        <line num="93" count="0" type="stmt"/>
        <line num="96" count="70" type="stmt"/>
        <line num="98" count="70" type="cond" truecount="4" falsecount="0"/>
        <line num="99" count="22" type="cond" truecount="2" falsecount="0"/>
        <line num="101" count="48" type="cond" truecount="4" falsecount="0"/>
        <line num="102" count="5" type="cond" truecount="2" falsecount="0"/>
        <line num="103" count="1" type="stmt"/>
        <line num="105" count="4" type="stmt"/>
        <line num="107" count="43" type="stmt"/>
      </file>
    </package>
    <package name="src.shared">
      <metrics statements="12" coveredstatements="12" conditionals="1" coveredconditionals="1" methods="3" coveredmethods="3"/>
      <file name="errors.ts" path="/Users/danilt/prisma-guard/src/shared/errors.ts">
        <metrics statements="12" coveredstatements="12" conditionals="1" coveredconditionals="1" methods="3" coveredmethods="3"/>
        <line num="2" count="17" type="stmt"/>
        <line num="3" count="17" type="stmt"/>
        <line num="5" count="17" type="stmt"/>
        <line num="6" count="17" type="stmt"/>
        <line num="11" count="139" type="stmt"/>
        <line num="12" count="139" type="stmt"/>
        <line num="14" count="139" type="stmt"/>
        <line num="15" count="139" type="stmt"/>
        <line num="20" count="6" type="stmt"/>
        <line num="21" count="6" type="stmt"/>
        <line num="23" count="6" type="stmt"/>
        <line num="24" count="6" type="stmt"/>
      </file>
    </package>
    <package name="test.e2e">
      <metrics statements="8" coveredstatements="8" conditionals="4" coveredconditionals="2" methods="5" coveredmethods="5"/>
      <file name="helpers.ts" path="/Users/danilt/prisma-guard/test/e2e/helpers.ts">
        <metrics statements="8" coveredstatements="8" conditionals="4" coveredconditionals="2" methods="5" coveredmethods="5"/>
        <line num="4" count="15" type="stmt"/>
        <line num="5" count="15" type="stmt"/>
        <line num="11" count="15" type="stmt"/>
        <line num="12" count="15" type="stmt"/>
        <line num="14" count="15" type="stmt"/>
        <line num="15" count="19" type="stmt"/>
        <line num="17" count="15" type="stmt"/>
        <line num="18" count="15" type="cond" truecount="1" falsecount="1"/>
      </file>
    </package>
  </project>
</coverage>
