{"/Users/danilt/prisma-guard/src/generator/validate-directive.ts": {"path":"/Users/danilt/prisma-guard/src/generator/validate-directive.ts","statementMap":{"0":{"start":{"line":1,"column":28},"end":{"line":11,"column":null}},"1":{"start":{"line":13,"column":29},"end":{"line":13,"column":null}},"2":{"start":{"line":14,"column":24},"end":{"line":14,"column":null}},"3":{"start":{"line":21,"column":2},"end":{"line":23,"column":null}},"4":{"start":{"line":22,"column":4},"end":{"line":22,"column":null}},"5":{"start":{"line":25,"column":16},"end":{"line":25,"column":null}},"6":{"start":{"line":26,"column":2},"end":{"line":28,"column":null}},"7":{"start":{"line":27,"column":4},"end":{"line":27,"column":null}},"8":{"start":{"line":29,"column":2},"end":{"line":31,"column":null}},"9":{"start":{"line":30,"column":4},"end":{"line":30,"column":null}},"10":{"start":{"line":33,"column":12},"end":{"line":33,"column":null}},"11":{"start":{"line":34,"column":19},"end":{"line":34,"column":null}},"12":{"start":{"line":37,"column":4},"end":{"line":37,"column":null}},"13":{"start":{"line":41,"column":4},"end":{"line":41,"column":null}},"14":{"start":{"line":45,"column":4},"end":{"line":47,"column":null}},"15":{"start":{"line":46,"column":6},"end":{"line":46,"column":null}},"16":{"start":{"line":51,"column":18},"end":{"line":51,"column":null}},"17":{"start":{"line":52,"column":4},"end":{"line":52,"column":null}},"18":{"start":{"line":52,"column":40},"end":{"line":52,"column":null}},"19":{"start":{"line":53,"column":4},"end":{"line":53,"column":null}},"20":{"start":{"line":54,"column":4},"end":{"line":72,"column":null}},"21":{"start":{"line":55,"column":17},"end":{"line":55,"column":null}},"22":{"start":{"line":56,"column":6},"end":{"line":63,"column":null}},"23":{"start":{"line":57,"column":21},"end":{"line":57,"column":null}},"24":{"start":{"line":58,"column":8},"end":{"line":61,"column":null}},"25":{"start":{"line":59,"column":10},"end":{"line":59,"column":null}},"26":{"start":{"line":60,"column":10},"end":{"line":60,"column":null}},"27":{"start":{"line":62,"column":8},"end":{"line":62,"column":null}},"28":{"start":{"line":64,"column":6},"end":{"line":67,"column":null}},"29":{"start":{"line":65,"column":8},"end":{"line":65,"column":null}},"30":{"start":{"line":66,"column":8},"end":{"line":66,"column":null}},"31":{"start":{"line":68,"column":6},"end":{"line":70,"column":null}},"32":{"start":{"line":69,"column":8},"end":{"line":69,"column":null}},"33":{"start":{"line":71,"column":6},"end":{"line":71,"column":null}},"34":{"start":{"line":73,"column":4},"end":{"line":73,"column":null}},"35":{"start":{"line":77,"column":18},"end":{"line":77,"column":null}},"36":{"start":{"line":78,"column":4},"end":{"line":78,"column":null}},"37":{"start":{"line":78,"column":24},"end":{"line":78,"column":null}},"38":{"start":{"line":79,"column":4},"end":{"line":82,"column":null}},"39":{"start":{"line":80,"column":6},"end":{"line":80,"column":null}},"40":{"start":{"line":81,"column":6},"end":{"line":81,"column":null}},"41":{"start":{"line":83,"column":4},"end":{"line":83,"column":null}},"42":{"start":{"line":83,"column":55},"end":{"line":83,"column":null}},"43":{"start":{"line":84,"column":4},"end":{"line":90,"column":null}},"44":{"start":{"line":85,"column":6},"end":{"line":85,"column":null}},"45":{"start":{"line":86,"column":6},"end":{"line":88,"column":null}},"46":{"start":{"line":87,"column":8},"end":{"line":87,"column":null}},"47":{"start":{"line":89,"column":6},"end":{"line":89,"column":null}},"48":{"start":{"line":89,"column":57},"end":{"line":89,"column":null}},"49":{"start":{"line":91,"column":4},"end":{"line":101,"column":null}},"50":{"start":{"line":92,"column":6},"end":{"line":92,"column":null}},"51":{"start":{"line":93,"column":6},"end":{"line":93,"column":null}},"52":{"start":{"line":93,"column":26},"end":{"line":93,"column":null}},"53":{"start":{"line":94,"column":6},"end":{"line":96,"column":null}},"54":{"start":{"line":95,"column":8},"end":{"line":95,"column":null}},"55":{"start":{"line":97,"column":6},"end":{"line":99,"column":null}},"56":{"start":{"line":98,"column":8},"end":{"line":98,"column":null}},"57":{"start":{"line":100,"column":6},"end":{"line":100,"column":null}},"58":{"start":{"line":100,"column":57},"end":{"line":100,"column":null}},"59":{"start":{"line":102,"column":4},"end":{"line":102,"column":null}},"60":{"start":{"line":106,"column":4},"end":{"line":106,"column":null}},"61":{"start":{"line":107,"column":15},"end":{"line":107,"column":null}},"62":{"start":{"line":109,"column":4},"end":{"line":111,"column":null}},"63":{"start":{"line":110,"column":6},"end":{"line":110,"column":null}},"64":{"start":{"line":112,"column":4},"end":{"line":114,"column":null}},"65":{"start":{"line":113,"column":6},"end":{"line":113,"column":null}},"66":{"start":{"line":115,"column":4},"end":{"line":117,"column":null}},"67":{"start":{"line":116,"column":6},"end":{"line":116,"column":null}},"68":{"start":{"line":119,"column":4},"end":{"line":121,"column":null}},"69":{"start":{"line":120,"column":6},"end":{"line":120,"column":null}},"70":{"start":{"line":123,"column":4},"end":{"line":144,"column":null}},"71":{"start":{"line":124,"column":6},"end":{"line":124,"column":null}},"72":{"start":{"line":125,"column":6},"end":{"line":125,"column":null}},"73":{"start":{"line":126,"column":6},"end":{"line":129,"column":null}},"74":{"start":{"line":127,"column":8},"end":{"line":127,"column":null}},"75":{"start":{"line":128,"column":8},"end":{"line":128,"column":null}},"76":{"start":{"line":130,"column":23},"end":{"line":130,"column":null}},"77":{"start":{"line":131,"column":6},"end":{"line":131,"column":null}},"78":{"start":{"line":131,"column":20},"end":{"line":131,"column":null}},"79":{"start":{"line":132,"column":6},"end":{"line":132,"column":null}},"80":{"start":{"line":133,"column":6},"end":{"line":138,"column":null}},"81":{"start":{"line":134,"column":8},"end":{"line":134,"column":null}},"82":{"start":{"line":135,"column":24},"end":{"line":135,"column":null}},"83":{"start":{"line":136,"column":8},"end":{"line":136,"column":null}},"84":{"start":{"line":136,"column":21},"end":{"line":136,"column":null}},"85":{"start":{"line":137,"column":8},"end":{"line":137,"column":null}},"86":{"start":{"line":139,"column":6},"end":{"line":141,"column":null}},"87":{"start":{"line":140,"column":8},"end":{"line":140,"column":null}},"88":{"start":{"line":142,"column":6},"end":{"line":142,"column":null}},"89":{"start":{"line":143,"column":6},"end":{"line":143,"column":null}},"90":{"start":{"line":146,"column":4},"end":{"line":148,"column":null}},"91":{"start":{"line":147,"column":6},"end":{"line":147,"column":null}},"92":{"start":{"line":150,"column":4},"end":{"line":156,"column":null}},"93":{"start":{"line":151,"column":20},"end":{"line":151,"column":null}},"94":{"start":{"line":152,"column":6},"end":{"line":155,"column":null}},"95":{"start":{"line":153,"column":8},"end":{"line":153,"column":null}},"96":{"start":{"line":154,"column":8},"end":{"line":154,"column":null}},"97":{"start":{"line":157,"column":4},"end":{"line":163,"column":null}},"98":{"start":{"line":158,"column":20},"end":{"line":158,"column":null}},"99":{"start":{"line":159,"column":6},"end":{"line":162,"column":null}},"100":{"start":{"line":160,"column":8},"end":{"line":160,"column":null}},"101":{"start":{"line":161,"column":8},"end":{"line":161,"column":null}},"102":{"start":{"line":164,"column":4},"end":{"line":170,"column":null}},"103":{"start":{"line":165,"column":20},"end":{"line":165,"column":null}},"104":{"start":{"line":166,"column":6},"end":{"line":169,"column":null}},"105":{"start":{"line":167,"column":8},"end":{"line":167,"column":null}},"106":{"start":{"line":168,"column":8},"end":{"line":168,"column":null}},"107":{"start":{"line":172,"column":4},"end":{"line":174,"column":null}},"108":{"start":{"line":173,"column":6},"end":{"line":173,"column":null}},"109":{"start":{"line":175,"column":4},"end":{"line":177,"column":null}},"110":{"start":{"line":176,"column":6},"end":{"line":176,"column":null}},"111":{"start":{"line":178,"column":4},"end":{"line":180,"column":null}},"112":{"start":{"line":179,"column":6},"end":{"line":179,"column":null}},"113":{"start":{"line":182,"column":4},"end":{"line":184,"column":null}},"114":{"start":{"line":183,"column":6},"end":{"line":183,"column":null}},"115":{"start":{"line":186,"column":4},"end":{"line":186,"column":null}},"116":{"start":{"line":189,"column":2},"end":{"line":241,"column":null}},"117":{"start":{"line":190,"column":4},"end":{"line":190,"column":null}},"118":{"start":{"line":191,"column":4},"end":{"line":191,"column":null}},"119":{"start":{"line":191,"column":29},"end":{"line":191,"column":null}},"120":{"start":{"line":193,"column":4},"end":{"line":195,"column":null}},"121":{"start":{"line":194,"column":6},"end":{"line":194,"column":null}},"122":{"start":{"line":196,"column":4},"end":{"line":196,"column":null}},"123":{"start":{"line":198,"column":4},"end":{"line":200,"column":null}},"124":{"start":{"line":199,"column":6},"end":{"line":199,"column":null}},"125":{"start":{"line":202,"column":16},"end":{"line":202,"column":null}},"126":{"start":{"line":203,"column":4},"end":{"line":205,"column":null}},"127":{"start":{"line":204,"column":6},"end":{"line":204,"column":null}},"128":{"start":{"line":207,"column":4},"end":{"line":209,"column":null}},"129":{"start":{"line":208,"column":6},"end":{"line":208,"column":null}},"130":{"start":{"line":211,"column":4},"end":{"line":211,"column":null}},"131":{"start":{"line":213,"column":4},"end":{"line":215,"column":null}},"132":{"start":{"line":214,"column":6},"end":{"line":214,"column":null}},"133":{"start":{"line":216,"column":4},"end":{"line":216,"column":null}},"134":{"start":{"line":218,"column":4},"end":{"line":218,"column":null}},"135":{"start":{"line":220,"column":4},"end":{"line":230,"column":null}},"136":{"start":{"line":221,"column":21},"end":{"line":221,"column":null}},"137":{"start":{"line":222,"column":6},"end":{"line":222,"column":null}},"138":{"start":{"line":222,"column":18},"end":{"line":222,"column":null}},"139":{"start":{"line":223,"column":6},"end":{"line":223,"column":null}},"140":{"start":{"line":224,"column":6},"end":{"line":229,"column":null}},"141":{"start":{"line":225,"column":8},"end":{"line":225,"column":null}},"142":{"start":{"line":226,"column":27},"end":{"line":226,"column":null}},"143":{"start":{"line":227,"column":8},"end":{"line":227,"column":null}},"144":{"start":{"line":227,"column":24},"end":{"line":227,"column":null}},"145":{"start":{"line":228,"column":8},"end":{"line":228,"column":null}},"146":{"start":{"line":232,"column":4},"end":{"line":234,"column":null}},"147":{"start":{"line":233,"column":6},"end":{"line":233,"column":null}},"148":{"start":{"line":235,"column":4},"end":{"line":235,"column":null}},"149":{"start":{"line":237,"column":4},"end":{"line":237,"column":null}},"150":{"start":{"line":238,"column":4},"end":{"line":240,"column":null}},"151":{"start":{"line":239,"column":6},"end":{"line":239,"column":null}},"152":{"start":{"line":243,"column":2},"end":{"line":245,"column":null}},"153":{"start":{"line":244,"column":4},"end":{"line":244,"column":null}},"154":{"start":{"line":247,"column":2},"end":{"line":247,"column":null}}},"fnMap":{"0":{"name":"validateDirective","decl":{"start":{"line":20,"column":16},"end":{"line":20,"column":34}},"loc":{"start":{"line":20,"column":65},"end":{"line":248,"column":null}},"line":20},"1":{"name":"peek","decl":{"start":{"line":36,"column":11},"end":{"line":36,"column":26}},"loc":{"start":{"line":36,"column":26},"end":{"line":38,"column":null}},"line":36},"2":{"name":"advance","decl":{"start":{"line":40,"column":11},"end":{"line":40,"column":29}},"loc":{"start":{"line":40,"column":29},"end":{"line":42,"column":null}},"line":40},"3":{"name":"skipWhitespace","decl":{"start":{"line":44,"column":11},"end":{"line":44,"column":34}},"loc":{"start":{"line":44,"column":34},"end":{"line":48,"column":null}},"line":44},"4":{"name":"parseString","decl":{"start":{"line":50,"column":11},"end":{"line":50,"column":50}},"loc":{"start":{"line":50,"column":50},"end":{"line":74,"column":null}},"line":50},"5":{"name":"parseNumber","decl":{"start":{"line":76,"column":11},"end":{"line":76,"column":50}},"loc":{"start":{"line":76,"column":50},"end":{"line":103,"column":null}},"line":76},"6":{"name":"parseArg","decl":{"start":{"line":105,"column":11},"end":{"line":105,"column":47}},"loc":{"start":{"line":105,"column":47},"end":{"line":187,"column":null}},"line":105}},"branchMap":{"0":{"loc":{"start":{"line":21,"column":2},"end":{"line":23,"column":null}},"type":"if","locations":[{"start":{"line":21,"column":2},"end":{"line":23,"column":null}},{"start":{},"end":{}}],"line":21},"1":{"loc":{"start":{"line":26,"column":2},"end":{"line":28,"column":null}},"type":"if","locations":[{"start":{"line":26,"column":2},"end":{"line":28,"column":null}},{"start":{},"end":{}}],"line":26},"2":{"loc":{"start":{"line":29,"column":2},"end":{"line":31,"column":null}},"type":"if","locations":[{"start":{"line":29,"column":2},"end":{"line":31,"column":null}},{"start":{},"end":{}}],"line":29},"3":{"loc":{"start":{"line":37,"column":11},"end":{"line":37,"column":null}},"type":"binary-expr","locations":[{"start":{"line":37,"column":11},"end":{"line":37,"column":25}},{"start":{"line":37,"column":25},"end":{"line":37,"column":null}}],"line":37},"4":{"loc":{"start":{"line":41,"column":11},"end":{"line":41,"column":null}},"type":"binary-expr","locations":[{"start":{"line":41,"column":11},"end":{"line":41,"column":27}},{"start":{"line":41,"column":27},"end":{"line":41,"column":null}}],"line":41},"5":{"loc":{"start":{"line":45,"column":11},"end":{"line":45,"column":78}},"type":"binary-expr","locations":[{"start":{"line":45,"column":11},"end":{"line":45,"column":34}},{"start":{"line":45,"column":34},"end":{"line":45,"column":56}},{"start":{"line":45,"column":56},"end":{"line":45,"column":78}}],"line":45},"6":{"loc":{"start":{"line":52,"column":4},"end":{"line":52,"column":null}},"type":"if","locations":[{"start":{"line":52,"column":4},"end":{"line":52,"column":null}},{"start":{},"end":{}}],"line":52},"7":{"loc":{"start":{"line":52,"column":8},"end":{"line":52,"column":40}},"type":"binary-expr","locations":[{"start":{"line":52,"column":8},"end":{"line":52,"column":25}},{"start":{"line":52,"column":25},"end":{"line":52,"column":40}}],"line":52},"8":{"loc":{"start":{"line":56,"column":6},"end":{"line":63,"column":null}},"type":"if","locations":[{"start":{"line":56,"column":6},"end":{"line":63,"column":null}},{"start":{},"end":{}}],"line":56},"9":{"loc":{"start":{"line":58,"column":8},"end":{"line":61,"column":null}},"type":"if","locations":[{"start":{"line":58,"column":8},"end":{"line":61,"column":null}},{"start":{},"end":{}}],"line":58},"10":{"loc":{"start":{"line":58,"column":12},"end":{"line":58,"column":42}},"type":"binary-expr","locations":[{"start":{"line":58,"column":12},"end":{"line":58,"column":28}},{"start":{"line":58,"column":28},"end":{"line":58,"column":42}}],"line":58},"11":{"loc":{"start":{"line":62,"column":69},"end":{"line":62,"column":79}},"type":"binary-expr","locations":[{"start":{"line":62,"column":69},"end":{"line":62,"column":77}},{"start":{"line":62,"column":77},"end":{"line":62,"column":79}}],"line":62},"12":{"loc":{"start":{"line":64,"column":6},"end":{"line":67,"column":null}},"type":"if","locations":[{"start":{"line":64,"column":6},"end":{"line":67,"column":null}},{"start":{},"end":{}}],"line":64},"13":{"loc":{"start":{"line":68,"column":6},"end":{"line":70,"column":null}},"type":"if","locations":[{"start":{"line":68,"column":6},"end":{"line":70,"column":null}},{"start":{},"end":{}}],"line":68},"14":{"loc":{"start":{"line":78,"column":4},"end":{"line":78,"column":null}},"type":"if","locations":[{"start":{"line":78,"column":4},"end":{"line":78,"column":null}},{"start":{},"end":{}}],"line":78},"15":{"loc":{"start":{"line":79,"column":4},"end":{"line":82,"column":null}},"type":"if","locations":[{"start":{"line":79,"column":4},"end":{"line":82,"column":null}},{"start":{},"end":{}}],"line":79},"16":{"loc":{"start":{"line":79,"column":8},"end":{"line":79,"column":54}},"type":"binary-expr","locations":[{"start":{"line":79,"column":8},"end":{"line":79,"column":31}},{"start":{"line":79,"column":31},"end":{"line":79,"column":54}}],"line":79},"17":{"loc":{"start":{"line":83,"column":11},"end":{"line":83,"column":55}},"type":"binary-expr","locations":[{"start":{"line":83,"column":11},"end":{"line":83,"column":33}},{"start":{"line":83,"column":33},"end":{"line":83,"column":55}}],"line":83},"18":{"loc":{"start":{"line":84,"column":4},"end":{"line":90,"column":null}},"type":"if","locations":[{"start":{"line":84,"column":4},"end":{"line":90,"column":null}},{"start":{},"end":{}}],"line":84},"19":{"loc":{"start":{"line":86,"column":6},"end":{"line":88,"column":null}},"type":"if","locations":[{"start":{"line":86,"column":6},"end":{"line":88,"column":null}},{"start":{},"end":{}}],"line":86},"20":{"loc":{"start":{"line":89,"column":13},"end":{"line":89,"column":57}},"type":"binary-expr","locations":[{"start":{"line":89,"column":13},"end":{"line":89,"column":35}},{"start":{"line":89,"column":35},"end":{"line":89,"column":57}}],"line":89},"21":{"loc":{"start":{"line":91,"column":4},"end":{"line":101,"column":null}},"type":"if","locations":[{"start":{"line":91,"column":4},"end":{"line":101,"column":null}},{"start":{},"end":{}}],"line":91},"22":{"loc":{"start":{"line":91,"column":8},"end":{"line":91,"column":42}},"type":"binary-expr","locations":[{"start":{"line":91,"column":8},"end":{"line":91,"column":26}},{"start":{"line":91,"column":26},"end":{"line":91,"column":42}}],"line":91},"23":{"loc":{"start":{"line":93,"column":6},"end":{"line":93,"column":null}},"type":"if","locations":[{"start":{"line":93,"column":6},"end":{"line":93,"column":null}},{"start":{},"end":{}}],"line":93},"24":{"loc":{"start":{"line":94,"column":6},"end":{"line":96,"column":null}},"type":"if","locations":[{"start":{"line":94,"column":6},"end":{"line":96,"column":null}},{"start":{},"end":{}}],"line":94},"25":{"loc":{"start":{"line":97,"column":6},"end":{"line":99,"column":null}},"type":"if","locations":[{"start":{"line":97,"column":6},"end":{"line":99,"column":null}},{"start":{},"end":{}}],"line":97},"26":{"loc":{"start":{"line":100,"column":13},"end":{"line":100,"column":57}},"type":"binary-expr","locations":[{"start":{"line":100,"column":13},"end":{"line":100,"column":35}},{"start":{"line":100,"column":35},"end":{"line":100,"column":57}}],"line":100},"27":{"loc":{"start":{"line":109,"column":4},"end":{"line":111,"column":null}},"type":"if","locations":[{"start":{"line":109,"column":4},"end":{"line":111,"column":null}},{"start":{},"end":{}}],"line":109},"28":{"loc":{"start":{"line":109,"column":8},"end":{"line":109,"column":34}},"type":"binary-expr","locations":[{"start":{"line":109,"column":8},"end":{"line":109,"column":22}},{"start":{"line":109,"column":22},"end":{"line":109,"column":34}}],"line":109},"29":{"loc":{"start":{"line":112,"column":4},"end":{"line":114,"column":null}},"type":"if","locations":[{"start":{"line":112,"column":4},"end":{"line":114,"column":null}},{"start":{},"end":{}}],"line":112},"30":{"loc":{"start":{"line":115,"column":4},"end":{"line":117,"column":null}},"type":"if","locations":[{"start":{"line":115,"column":4},"end":{"line":117,"column":null}},{"start":{},"end":{}}],"line":115},"31":{"loc":{"start":{"line":115,"column":8},"end":{"line":115,"column":44}},"type":"binary-expr","locations":[{"start":{"line":115,"column":8},"end":{"line":115,"column":21}},{"start":{"line":115,"column":21},"end":{"line":115,"column":44}}],"line":115},"32":{"loc":{"start":{"line":119,"column":4},"end":{"line":121,"column":null}},"type":"if","locations":[{"start":{"line":119,"column":4},"end":{"line":121,"column":null}},{"start":{},"end":{}}],"line":119},"33":{"loc":{"start":{"line":119,"column":8},"end":{"line":119,"column":34}},"type":"binary-expr","locations":[{"start":{"line":119,"column":8},"end":{"line":119,"column":22}},{"start":{"line":119,"column":22},"end":{"line":119,"column":34}}],"line":119},"34":{"loc":{"start":{"line":123,"column":4},"end":{"line":144,"column":null}},"type":"if","locations":[{"start":{"line":123,"column":4},"end":{"line":144,"column":null}},{"start":{},"end":{}}],"line":123},"35":{"loc":{"start":{"line":126,"column":6},"end":{"line":129,"column":null}},"type":"if","locations":[{"start":{"line":126,"column":6},"end":{"line":129,"column":null}},{"start":{},"end":{}}],"line":126},"36":{"loc":{"start":{"line":131,"column":6},"end":{"line":131,"column":null}},"type":"if","locations":[{"start":{"line":131,"column":6},"end":{"line":131,"column":null}},{"start":{},"end":{}}],"line":131},"37":{"loc":{"start":{"line":136,"column":8},"end":{"line":136,"column":null}},"type":"if","locations":[{"start":{"line":136,"column":8},"end":{"line":136,"column":null}},{"start":{},"end":{}}],"line":136},"38":{"loc":{"start":{"line":139,"column":6},"end":{"line":141,"column":null}},"type":"if","locations":[{"start":{"line":139,"column":6},"end":{"line":141,"column":null}},{"start":{},"end":{}}],"line":139},"39":{"loc":{"start":{"line":146,"column":4},"end":{"line":148,"column":null}},"type":"if","locations":[{"start":{"line":146,"column":4},"end":{"line":148,"column":null}},{"start":{},"end":{}}],"line":146},"40":{"loc":{"start":{"line":146,"column":8},"end":{"line":146,"column":40}},"type":"binary-expr","locations":[{"start":{"line":146,"column":8},"end":{"line":146,"column":22}},{"start":{"line":146,"column":22},"end":{"line":146,"column":40}}],"line":146},"41":{"loc":{"start":{"line":150,"column":4},"end":{"line":156,"column":null}},"type":"if","locations":[{"start":{"line":150,"column":4},"end":{"line":156,"column":null}},{"start":{},"end":{}}],"line":150},"42":{"loc":{"start":{"line":152,"column":6},"end":{"line":155,"column":null}},"type":"if","locations":[{"start":{"line":152,"column":6},"end":{"line":155,"column":null}},{"start":{},"end":{}}],"line":152},"43":{"loc":{"start":{"line":152,"column":10},"end":{"line":152,"column":49}},"type":"binary-expr","locations":[{"start":{"line":152,"column":10},"end":{"line":152,"column":20}},{"start":{"line":152,"column":20},"end":{"line":152,"column":49}}],"line":152},"44":{"loc":{"start":{"line":157,"column":4},"end":{"line":163,"column":null}},"type":"if","locations":[{"start":{"line":157,"column":4},"end":{"line":163,"column":null}},{"start":{},"end":{}}],"line":157},"45":{"loc":{"start":{"line":159,"column":6},"end":{"line":162,"column":null}},"type":"if","locations":[{"start":{"line":159,"column":6},"end":{"line":162,"column":null}},{"start":{},"end":{}}],"line":159},"46":{"loc":{"start":{"line":159,"column":10},"end":{"line":159,"column":49}},"type":"binary-expr","locations":[{"start":{"line":159,"column":10},"end":{"line":159,"column":20}},{"start":{"line":159,"column":20},"end":{"line":159,"column":49}}],"line":159},"47":{"loc":{"start":{"line":164,"column":4},"end":{"line":170,"column":null}},"type":"if","locations":[{"start":{"line":164,"column":4},"end":{"line":170,"column":null}},{"start":{},"end":{}}],"line":164},"48":{"loc":{"start":{"line":166,"column":6},"end":{"line":169,"column":null}},"type":"if","locations":[{"start":{"line":166,"column":6},"end":{"line":169,"column":null}},{"start":{},"end":{}}],"line":166},"49":{"loc":{"start":{"line":166,"column":10},"end":{"line":166,"column":49}},"type":"binary-expr","locations":[{"start":{"line":166,"column":10},"end":{"line":166,"column":20}},{"start":{"line":166,"column":20},"end":{"line":166,"column":49}}],"line":166},"50":{"loc":{"start":{"line":172,"column":4},"end":{"line":174,"column":null}},"type":"if","locations":[{"start":{"line":172,"column":4},"end":{"line":174,"column":null}},{"start":{},"end":{}}],"line":172},"51":{"loc":{"start":{"line":175,"column":4},"end":{"line":177,"column":null}},"type":"if","locations":[{"start":{"line":175,"column":4},"end":{"line":177,"column":null}},{"start":{},"end":{}}],"line":175},"52":{"loc":{"start":{"line":178,"column":4},"end":{"line":180,"column":null}},"type":"if","locations":[{"start":{"line":178,"column":4},"end":{"line":180,"column":null}},{"start":{},"end":{}}],"line":178},"53":{"loc":{"start":{"line":182,"column":4},"end":{"line":184,"column":null}},"type":"if","locations":[{"start":{"line":182,"column":4},"end":{"line":184,"column":null}},{"start":{},"end":{}}],"line":182},"54":{"loc":{"start":{"line":191,"column":4},"end":{"line":191,"column":null}},"type":"if","locations":[{"start":{"line":191,"column":4},"end":{"line":191,"column":null}},{"start":{},"end":{}}],"line":191},"55":{"loc":{"start":{"line":193,"column":4},"end":{"line":195,"column":null}},"type":"if","locations":[{"start":{"line":193,"column":4},"end":{"line":195,"column":null}},{"start":{},"end":{}}],"line":193},"56":{"loc":{"start":{"line":198,"column":4},"end":{"line":200,"column":null}},"type":"if","locations":[{"start":{"line":198,"column":4},"end":{"line":200,"column":null}},{"start":{},"end":{}}],"line":198},"57":{"loc":{"start":{"line":203,"column":11},"end":{"line":203,"column":62}},"type":"binary-expr","locations":[{"start":{"line":203,"column":11},"end":{"line":203,"column":33}},{"start":{"line":203,"column":33},"end":{"line":203,"column":62}}],"line":203},"58":{"loc":{"start":{"line":207,"column":4},"end":{"line":209,"column":null}},"type":"if","locations":[{"start":{"line":207,"column":4},"end":{"line":209,"column":null}},{"start":{},"end":{}}],"line":207},"59":{"loc":{"start":{"line":213,"column":4},"end":{"line":215,"column":null}},"type":"if","locations":[{"start":{"line":213,"column":4},"end":{"line":215,"column":null}},{"start":{},"end":{}}],"line":213},"60":{"loc":{"start":{"line":220,"column":4},"end":{"line":230,"column":null}},"type":"if","locations":[{"start":{"line":220,"column":4},"end":{"line":230,"column":null}},{"start":{},"end":{}}],"line":220},"61":{"loc":{"start":{"line":222,"column":6},"end":{"line":222,"column":null}},"type":"if","locations":[{"start":{"line":222,"column":6},"end":{"line":222,"column":null}},{"start":{},"end":{}}],"line":222},"62":{"loc":{"start":{"line":227,"column":8},"end":{"line":227,"column":null}},"type":"if","locations":[{"start":{"line":227,"column":8},"end":{"line":227,"column":null}},{"start":{},"end":{}}],"line":227},"63":{"loc":{"start":{"line":232,"column":4},"end":{"line":234,"column":null}},"type":"if","locations":[{"start":{"line":232,"column":4},"end":{"line":234,"column":null}},{"start":{},"end":{}}],"line":232},"64":{"loc":{"start":{"line":238,"column":4},"end":{"line":240,"column":null}},"type":"if","locations":[{"start":{"line":238,"column":4},"end":{"line":240,"column":null}},{"start":{},"end":{}}],"line":238},"65":{"loc":{"start":{"line":243,"column":2},"end":{"line":245,"column":null}},"type":"if","locations":[{"start":{"line":243,"column":2},"end":{"line":245,"column":null}},{"start":{},"end":{}}],"line":243}},"s":{"0":2,"1":2,"2":2,"3":104,"4":1,"5":103,"6":103,"7":1,"8":102,"9":1,"10":101,"11":101,"12":1980,"13":1125,"14":562,"15":9,"16":15,"17":15,"18":0,"19":15,"20":15,"21":75,"22":75,"23":6,"24":6,"25":3,"26":3,"27":3,"28":69,"29":9,"30":9,"31":60,"32":2,"33":58,"34":1,"35":62,"36":62,"37":3,"38":62,"39":1,"40":1,"41":61,"42":76,"43":61,"44":5,"45":5,"46":2,"47":3,"48":5,"49":59,"50":7,"51":7,"52":2,"53":7,"54":2,"55":5,"56":2,"57":3,"58":3,"59":55,"60":105,"61":105,"62":105,"63":4,"64":101,"65":2,"66":99,"67":1,"68":98,"69":15,"70":83,"71":6,"72":6,"73":6,"74":2,"75":2,"76":4,"77":4,"78":0,"79":4,"80":4,"81":7,"82":7,"83":7,"84":0,"85":7,"86":4,"87":2,"88":2,"89":2,"90":77,"91":62,"92":15,"93":2,"94":2,"95":2,"96":2,"97":13,"98":1,"99":1,"100":1,"101":1,"102":12,"103":2,"104":2,"105":2,"106":2,"107":10,"108":2,"109":8,"110":2,"111":6,"112":2,"113":4,"114":3,"115":1,"116":101,"117":130,"118":130,"119":0,"120":130,"121":0,"122":130,"123":130,"124":2,"125":128,"126":128,"127":581,"128":128,"129":4,"130":124,"131":124,"132":1,"133":123,"134":123,"135":123,"136":93,"137":93,"138":31,"139":62,"140":62,"141":1,"142":1,"143":1,"144":0,"145":1,"146":92,"147":2,"148":90,"149":90,"150":90,"151":1,"152":60,"153":0,"154":60},"f":{"0":104,"1":1980,"2":1125,"3":562,"4":15,"5":62,"6":105},"b":{"0":[1,103],"1":[1,102],"2":[1,101],"3":[1980,12],"4":[1125,0],"5":[562,568,559],"6":[0,15],"7":[15,4],"8":[6,69],"9":[3,3],"10":[6,4],"11":[3,1],"12":[9,60],"13":[2,58],"14":[3,59],"15":[1,61],"16":[62,62],"17":[61,135],"18":[5,56],"19":[2,3],"20":[3,8],"21":[7,52],"22":[59,52],"23":[2,5],"24":[2,5],"25":[2,3],"26":[3,6],"27":[4,101],"28":[105,103],"29":[2,99],"30":[1,98],"31":[99,99],"32":[15,83],"33":[98,87],"34":[6,77],"35":[2,4],"36":[0,4],"37":[0,7],"38":[2,2],"39":[62,15],"40":[77,74],"41":[2,13],"42":[2,0],"43":[2,2],"44":[1,12],"45":[1,0],"46":[1,1],"47":[2,10],"48":[2,0],"49":[2,2],"50":[2,8],"51":[2,6],"52":[2,4],"53":[3,1],"54":[0,130],"55":[0,130],"56":[2,128],"57":[128,708],"58":[4,124],"59":[1,123],"60":[93,30],"61":[31,62],"62":[0,1],"63":[2,90],"64":[1,89],"65":[0,60]},"meta":{"lastBranch":66,"lastFunction":7,"lastStatement":155,"seen":{"s:1:28:11:Infinity":0,"s:13:29:13:Infinity":1,"s:14:24:14:Infinity":2,"f:20:16:20:34":0,"b:21:2:23:Infinity:undefined:undefined:undefined:undefined":0,"s:21:2:23:Infinity":3,"s:22:4:22:Infinity":4,"s:25:16:25:Infinity":5,"b:26:2:28:Infinity:undefined:undefined:undefined:undefined":1,"s:26:2:28:Infinity":6,"s:27:4:27:Infinity":7,"b:29:2:31:Infinity:undefined:undefined:undefined:undefined":2,"s:29:2:31:Infinity":8,"s:30:4:30:Infinity":9,"s:33:12:33:Infinity":10,"s:34:19:34:Infinity":11,"f:36:11:36:26":1,"s:37:4:37:Infinity":12,"b:37:11:37:25:37:25:37:Infinity":3,"f:40:11:40:29":2,"s:41:4:41:Infinity":13,"b:41:11:41:27:41:27:41:Infinity":4,"f:44:11:44:34":3,"s:45:4:47:Infinity":14,"b:45:11:45:34:45:34:45:56:45:56:45:78":5,"s:46:6:46:Infinity":15,"f:50:11:50:50":4,"s:51:18:51:Infinity":16,"b:52:4:52:Infinity:undefined:undefined:undefined:undefined":6,"s:52:4:52:Infinity":17,"b:52:8:52:25:52:25:52:40":7,"s:52:40:52:Infinity":18,"s:53:4:53:Infinity":19,"s:54:4:72:Infinity":20,"s:55:17:55:Infinity":21,"b:56:6:63:Infinity:undefined:undefined:undefined:undefined":8,"s:56:6:63:Infinity":22,"s:57:21:57:Infinity":23,"b:58:8:61:Infinity:undefined:undefined:undefined:undefined":9,"s:58:8:61:Infinity":24,"b:58:12:58:28:58:28:58:42":10,"s:59:10:59:Infinity":25,"s:60:10:60:Infinity":26,"s:62:8:62:Infinity":27,"b:62:69:62:77:62:77:62:79":11,"b:64:6:67:Infinity:undefined:undefined:undefined:undefined":12,"s:64:6:67:Infinity":28,"s:65:8:65:Infinity":29,"s:66:8:66:Infinity":30,"b:68:6:70:Infinity:undefined:undefined:undefined:undefined":13,"s:68:6:70:Infinity":31,"s:69:8:69:Infinity":32,"s:71:6:71:Infinity":33,"s:73:4:73:Infinity":34,"f:76:11:76:50":5,"s:77:18:77:Infinity":35,"b:78:4:78:Infinity:undefined:undefined:undefined:undefined":14,"s:78:4:78:Infinity":36,"s:78:24:78:Infinity":37,"b:79:4:82:Infinity:undefined:undefined:undefined:undefined":15,"s:79:4:82:Infinity":38,"b:79:8:79:31:79:31:79:54":16,"s:80:6:80:Infinity":39,"s:81:6:81:Infinity":40,"s:83:4:83:Infinity":41,"b:83:11:83:33:83:33:83:55":17,"s:83:55:83:Infinity":42,"b:84:4:90:Infinity:undefined:undefined:undefined:undefined":18,"s:84:4:90:Infinity":43,"s:85:6:85:Infinity":44,"b:86:6:88:Infinity:undefined:undefined:undefined:undefined":19,"s:86:6:88:Infinity":45,"s:87:8:87:Infinity":46,"s:89:6:89:Infinity":47,"b:89:13:89:35:89:35:89:57":20,"s:89:57:89:Infinity":48,"b:91:4:101:Infinity:undefined:undefined:undefined:undefined":21,"s:91:4:101:Infinity":49,"b:91:8:91:26:91:26:91:42":22,"s:92:6:92:Infinity":50,"b:93:6:93:Infinity:undefined:undefined:undefined:undefined":23,"s:93:6:93:Infinity":51,"s:93:26:93:Infinity":52,"b:94:6:96:Infinity:undefined:undefined:undefined:undefined":24,"s:94:6:96:Infinity":53,"s:95:8:95:Infinity":54,"b:97:6:99:Infinity:undefined:undefined:undefined:undefined":25,"s:97:6:99:Infinity":55,"s:98:8:98:Infinity":56,"s:100:6:100:Infinity":57,"b:100:13:100:35:100:35:100:57":26,"s:100:57:100:Infinity":58,"s:102:4:102:Infinity":59,"f:105:11:105:47":6,"s:106:4:106:Infinity":60,"s:107:15:107:Infinity":61,"b:109:4:111:Infinity:undefined:undefined:undefined:undefined":27,"s:109:4:111:Infinity":62,"b:109:8:109:22:109:22:109:34":28,"s:110:6:110:Infinity":63,"b:112:4:114:Infinity:undefined:undefined:undefined:undefined":29,"s:112:4:114:Infinity":64,"s:113:6:113:Infinity":65,"b:115:4:117:Infinity:undefined:undefined:undefined:undefined":30,"s:115:4:117:Infinity":66,"b:115:8:115:21:115:21:115:44":31,"s:116:6:116:Infinity":67,"b:119:4:121:Infinity:undefined:undefined:undefined:undefined":32,"s:119:4:121:Infinity":68,"b:119:8:119:22:119:22:119:34":33,"s:120:6:120:Infinity":69,"b:123:4:144:Infinity:undefined:undefined:undefined:undefined":34,"s:123:4:144:Infinity":70,"s:124:6:124:Infinity":71,"s:125:6:125:Infinity":72,"b:126:6:129:Infinity:undefined:undefined:undefined:undefined":35,"s:126:6:129:Infinity":73,"s:127:8:127:Infinity":74,"s:128:8:128:Infinity":75,"s:130:23:130:Infinity":76,"b:131:6:131:Infinity:undefined:undefined:undefined:undefined":36,"s:131:6:131:Infinity":77,"s:131:20:131:Infinity":78,"s:132:6:132:Infinity":79,"s:133:6:138:Infinity":80,"s:134:8:134:Infinity":81,"s:135:24:135:Infinity":82,"b:136:8:136:Infinity:undefined:undefined:undefined:undefined":37,"s:136:8:136:Infinity":83,"s:136:21:136:Infinity":84,"s:137:8:137:Infinity":85,"b:139:6:141:Infinity:undefined:undefined:undefined:undefined":38,"s:139:6:141:Infinity":86,"s:140:8:140:Infinity":87,"s:142:6:142:Infinity":88,"s:143:6:143:Infinity":89,"b:146:4:148:Infinity:undefined:undefined:undefined:undefined":39,"s:146:4:148:Infinity":90,"b:146:8:146:22:146:22:146:40":40,"s:147:6:147:Infinity":91,"b:150:4:156:Infinity:undefined:undefined:undefined:undefined":41,"s:150:4:156:Infinity":92,"s:151:20:151:Infinity":93,"b:152:6:155:Infinity:undefined:undefined:undefined:undefined":42,"s:152:6:155:Infinity":94,"b:152:10:152:20:152:20:152:49":43,"s:153:8:153:Infinity":95,"s:154:8:154:Infinity":96,"b:157:4:163:Infinity:undefined:undefined:undefined:undefined":44,"s:157:4:163:Infinity":97,"s:158:20:158:Infinity":98,"b:159:6:162:Infinity:undefined:undefined:undefined:undefined":45,"s:159:6:162:Infinity":99,"b:159:10:159:20:159:20:159:49":46,"s:160:8:160:Infinity":100,"s:161:8:161:Infinity":101,"b:164:4:170:Infinity:undefined:undefined:undefined:undefined":47,"s:164:4:170:Infinity":102,"s:165:20:165:Infinity":103,"b:166:6:169:Infinity:undefined:undefined:undefined:undefined":48,"s:166:6:169:Infinity":104,"b:166:10:166:20:166:20:166:49":49,"s:167:8:167:Infinity":105,"s:168:8:168:Infinity":106,"b:172:4:174:Infinity:undefined:undefined:undefined:undefined":50,"s:172:4:174:Infinity":107,"s:173:6:173:Infinity":108,"b:175:4:177:Infinity:undefined:undefined:undefined:undefined":51,"s:175:4:177:Infinity":109,"s:176:6:176:Infinity":110,"b:178:4:180:Infinity:undefined:undefined:undefined:undefined":52,"s:178:4:180:Infinity":111,"s:179:6:179:Infinity":112,"b:182:4:184:Infinity:undefined:undefined:undefined:undefined":53,"s:182:4:184:Infinity":113,"s:183:6:183:Infinity":114,"s:186:4:186:Infinity":115,"s:189:2:241:Infinity":116,"s:190:4:190:Infinity":117,"b:191:4:191:Infinity:undefined:undefined:undefined:undefined":54,"s:191:4:191:Infinity":118,"s:191:29:191:Infinity":119,"b:193:4:195:Infinity:undefined:undefined:undefined:undefined":55,"s:193:4:195:Infinity":120,"s:194:6:194:Infinity":121,"s:196:4:196:Infinity":122,"b:198:4:200:Infinity:undefined:undefined:undefined:undefined":56,"s:198:4:200:Infinity":123,"s:199:6:199:Infinity":124,"s:202:16:202:Infinity":125,"s:203:4:205:Infinity":126,"b:203:11:203:33:203:33:203:62":57,"s:204:6:204:Infinity":127,"b:207:4:209:Infinity:undefined:undefined:undefined:undefined":58,"s:207:4:209:Infinity":128,"s:208:6:208:Infinity":129,"s:211:4:211:Infinity":130,"b:213:4:215:Infinity:undefined:undefined:undefined:undefined":59,"s:213:4:215:Infinity":131,"s:214:6:214:Infinity":132,"s:216:4:216:Infinity":133,"s:218:4:218:Infinity":134,"b:220:4:230:Infinity:undefined:undefined:undefined:undefined":60,"s:220:4:230:Infinity":135,"s:221:21:221:Infinity":136,"b:222:6:222:Infinity:undefined:undefined:undefined:undefined":61,"s:222:6:222:Infinity":137,"s:222:18:222:Infinity":138,"s:223:6:223:Infinity":139,"s:224:6:229:Infinity":140,"s:225:8:225:Infinity":141,"s:226:27:226:Infinity":142,"b:227:8:227:Infinity:undefined:undefined:undefined:undefined":62,"s:227:8:227:Infinity":143,"s:227:24:227:Infinity":144,"s:228:8:228:Infinity":145,"b:232:4:234:Infinity:undefined:undefined:undefined:undefined":63,"s:232:4:234:Infinity":146,"s:233:6:233:Infinity":147,"s:235:4:235:Infinity":148,"s:237:4:237:Infinity":149,"b:238:4:240:Infinity:undefined:undefined:undefined:undefined":64,"s:238:4:240:Infinity":150,"s:239:6:239:Infinity":151,"b:243:2:245:Infinity:undefined:undefined:undefined:undefined":65,"s:243:2:245:Infinity":152,"s:244:4:244:Infinity":153,"s:247:2:247:Infinity":154}}}
,"/Users/danilt/prisma-guard/src/runtime/guard.ts": {"path":"/Users/danilt/prisma-guard/src/runtime/guard.ts","statementMap":{"0":{"start":{"line":17,"column":8},"end":{"line":21,"column":null}},"1":{"start":{"line":22,"column":8},"end":{"line":25,"column":null}},"2":{"start":{"line":27,"column":2},"end":{"line":42,"column":null}},"3":{"start":{"line":29,"column":6},"end":{"line":29,"column":null}},"4":{"start":{"line":32,"column":6},"end":{"line":32,"column":null}},"5":{"start":{"line":38,"column":28},"end":{"line":38,"column":null}},"6":{"start":{"line":40,"column":16},"end":{"line":41,"column":null}}},"fnMap":{"0":{"name":"createGuard","decl":{"start":{"line":9,"column":16},"end":{"line":9,"column":null}},"loc":{"start":{"line":14,"column":2},"end":{"line":43,"column":null}},"line":14},"1":{"name":"(anonymous_1)","decl":{"start":{"line":28,"column":11},"end":{"line":28,"column":12}},"loc":{"start":{"line":29,"column":6},"end":{"line":29,"column":null}},"line":29},"2":{"name":"(anonymous_2)","decl":{"start":{"line":31,"column":11},"end":{"line":31,"column":12}},"loc":{"start":{"line":32,"column":6},"end":{"line":32,"column":null}},"line":32},"3":{"name":"(anonymous_3)","decl":{"start":{"line":34,"column":11},"end":{"line":34,"column":null}},"loc":{"start":{"line":38,"column":28},"end":{"line":38,"column":null}},"line":38},"4":{"name":"(anonymous_4)","decl":{"start":{"line":40,"column":15},"end":{"line":40,"column":16}},"loc":{"start":{"line":40,"column":16},"end":{"line":41,"column":null}},"line":40}},"branchMap":{},"s":{"0":62,"1":62,"2":62,"3":1,"4":1,"5":3,"6":57},"f":{"0":62,"1":1,"2":1,"3":3,"4":57},"b":{},"meta":{"lastBranch":0,"lastFunction":5,"lastStatement":7,"seen":{"f:9:16:9:Infinity":0,"s:17:8:21:Infinity":0,"s:22:8:25:Infinity":1,"s:27:2:42:Infinity":2,"f:28:11:28:12":1,"s:29:6:29:Infinity":3,"f:31:11:31:12":2,"s:32:6:32:Infinity":4,"f:34:11:34:Infinity":3,"s:38:28:38:Infinity":5,"f:40:15:40:16":4,"s:40:16:41:Infinity":6}}}
,"/Users/danilt/prisma-guard/src/runtime/policy.ts": {"path":"/Users/danilt/prisma-guard/src/runtime/policy.ts","statementMap":{"0":{"start":{"line":4,"column":2},"end":{"line":6,"column":null}},"1":{"start":{"line":5,"column":4},"end":{"line":5,"column":null}}},"fnMap":{"0":{"name":"requireContext","decl":{"start":{"line":3,"column":16},"end":{"line":3,"column":31}},"loc":{"start":{"line":3,"column":73},"end":{"line":7,"column":null}},"line":3}},"branchMap":{"0":{"loc":{"start":{"line":4,"column":2},"end":{"line":6,"column":null}},"type":"if","locations":[{"start":{"line":4,"column":2},"end":{"line":6,"column":null}},{"start":{},"end":{}}],"line":4},"1":{"loc":{"start":{"line":4,"column":6},"end":{"line":4,"column":41}},"type":"binary-expr","locations":[{"start":{"line":4,"column":6},"end":{"line":4,"column":27}},{"start":{"line":4,"column":27},"end":{"line":4,"column":41}}],"line":4}},"s":{"0":10,"1":4},"f":{"0":10},"b":{"0":[4,6],"1":[10,6]},"meta":{"lastBranch":2,"lastFunction":1,"lastStatement":2,"seen":{"f:3:16:3:31":0,"b:4:2:6:Infinity:undefined:undefined:undefined:undefined":0,"s:4:2:6:Infinity":0,"b:4:6:4:27:4:27:4:41":1,"s:5:4:5:Infinity":1}}}
,"/Users/danilt/prisma-guard/src/runtime/query-builder.ts": {"path":"/Users/danilt/prisma-guard/src/runtime/query-builder.ts","statementMap":{"0":{"start":{"line":11,"column":62},"end":{"line":20,"column":null}},"1":{"start":{"line":22,"column":26},"end":{"line":26,"column":null}},"2":{"start":{"line":27,"column":24},"end":{"line":27,"column":null}},"3":{"start":{"line":28,"column":29},"end":{"line":28,"column":null}},"4":{"start":{"line":44,"column":2},"end":{"line":44,"column":null}},"5":{"start":{"line":49,"column":4},"end":{"line":49,"column":null}},"6":{"start":{"line":49,"column":29},"end":{"line":49,"column":null}},"7":{"start":{"line":50,"column":17},"end":{"line":50,"column":null}},"8":{"start":{"line":51,"column":4},"end":{"line":51,"column":null}},"9":{"start":{"line":51,"column":48},"end":{"line":51,"column":72}},"10":{"start":{"line":58,"column":24},"end":{"line":58,"column":null}},"11":{"start":{"line":59,"column":4},"end":{"line":59,"column":null}},"12":{"start":{"line":59,"column":22},"end":{"line":59,"column":null}},"13":{"start":{"line":61,"column":55},"end":{"line":61,"column":null}},"14":{"start":{"line":62,"column":60},"end":{"line":62,"column":null}},"15":{"start":{"line":64,"column":4},"end":{"line":98,"column":null}},"16":{"start":{"line":65,"column":24},"end":{"line":65,"column":null}},"17":{"start":{"line":66,"column":6},"end":{"line":66,"column":null}},"18":{"start":{"line":66,"column":22},"end":{"line":66,"column":null}},"19":{"start":{"line":67,"column":6},"end":{"line":67,"column":null}},"20":{"start":{"line":67,"column":32},"end":{"line":67,"column":null}},"21":{"start":{"line":68,"column":6},"end":{"line":68,"column":null}},"22":{"start":{"line":68,"column":37},"end":{"line":68,"column":null}},"23":{"start":{"line":70,"column":54},"end":{"line":70,"column":null}},"24":{"start":{"line":71,"column":51},"end":{"line":71,"column":null}},"25":{"start":{"line":72,"column":25},"end":{"line":72,"column":null}},"26":{"start":{"line":73,"column":28},"end":{"line":73,"column":null}},"27":{"start":{"line":75,"column":6},"end":{"line":85,"column":null}},"28":{"start":{"line":76,"column":8},"end":{"line":84,"column":null}},"29":{"start":{"line":77,"column":10},"end":{"line":77,"column":null}},"30":{"start":{"line":78,"column":10},"end":{"line":78,"column":null}},"31":{"start":{"line":79,"column":10},"end":{"line":81,"column":null}},"32":{"start":{"line":80,"column":12},"end":{"line":80,"column":null}},"33":{"start":{"line":83,"column":10},"end":{"line":83,"column":null}},"34":{"start":{"line":87,"column":6},"end":{"line":89,"column":null}},"35":{"start":{"line":88,"column":8},"end":{"line":88,"column":null}},"36":{"start":{"line":91,"column":6},"end":{"line":93,"column":null}},"37":{"start":{"line":92,"column":8},"end":{"line":92,"column":null}},"38":{"start":{"line":95,"column":6},"end":{"line":97,"column":null}},"39":{"start":{"line":96,"column":8},"end":{"line":96,"column":null}},"40":{"start":{"line":100,"column":19},"end":{"line":102,"column":null}},"41":{"start":{"line":104,"column":4},"end":{"line":104,"column":null}},"42":{"start":{"line":112,"column":4},"end":{"line":114,"column":null}},"43":{"start":{"line":113,"column":6},"end":{"line":113,"column":null}},"44":{"start":{"line":116,"column":24},"end":{"line":116,"column":null}},"45":{"start":{"line":117,"column":4},"end":{"line":117,"column":null}},"46":{"start":{"line":117,"column":22},"end":{"line":117,"column":null}},"47":{"start":{"line":119,"column":55},"end":{"line":119,"column":null}},"48":{"start":{"line":120,"column":4},"end":{"line":126,"column":null}},"49":{"start":{"line":121,"column":6},"end":{"line":124,"column":null}},"50":{"start":{"line":122,"column":26},"end":{"line":122,"column":null}},"51":{"start":{"line":123,"column":8},"end":{"line":123,"column":null}},"52":{"start":{"line":123,"column":24},"end":{"line":123,"column":null}},"53":{"start":{"line":125,"column":6},"end":{"line":125,"column":null}},"54":{"start":{"line":127,"column":4},"end":{"line":127,"column":null}},"55":{"start":{"line":134,"column":24},"end":{"line":134,"column":null}},"56":{"start":{"line":135,"column":4},"end":{"line":135,"column":null}},"57":{"start":{"line":135,"column":22},"end":{"line":135,"column":null}},"58":{"start":{"line":137,"column":4},"end":{"line":139,"column":null}},"59":{"start":{"line":138,"column":6},"end":{"line":138,"column":null}},"60":{"start":{"line":141,"column":4},"end":{"line":143,"column":null}},"61":{"start":{"line":142,"column":6},"end":{"line":142,"column":null}},"62":{"start":{"line":145,"column":22},"end":{"line":145,"column":null}},"63":{"start":{"line":146,"column":60},"end":{"line":146,"column":null}},"64":{"start":{"line":148,"column":4},"end":{"line":153,"column":null}},"65":{"start":{"line":149,"column":24},"end":{"line":149,"column":null}},"66":{"start":{"line":150,"column":6},"end":{"line":150,"column":null}},"67":{"start":{"line":150,"column":22},"end":{"line":150,"column":null}},"68":{"start":{"line":151,"column":6},"end":{"line":151,"column":null}},"69":{"start":{"line":151,"column":33},"end":{"line":151,"column":null}},"70":{"start":{"line":152,"column":6},"end":{"line":152,"column":null}},"71":{"start":{"line":155,"column":25},"end":{"line":155,"column":null}},"72":{"start":{"line":156,"column":4},"end":{"line":156,"column":null}},"73":{"start":{"line":164,"column":24},"end":{"line":164,"column":null}},"74":{"start":{"line":165,"column":4},"end":{"line":165,"column":null}},"75":{"start":{"line":165,"column":22},"end":{"line":165,"column":null}},"76":{"start":{"line":167,"column":55},"end":{"line":167,"column":null}},"77":{"start":{"line":168,"column":4},"end":{"line":173,"column":null}},"78":{"start":{"line":169,"column":24},"end":{"line":169,"column":null}},"79":{"start":{"line":170,"column":6},"end":{"line":170,"column":null}},"80":{"start":{"line":170,"column":22},"end":{"line":170,"column":null}},"81":{"start":{"line":171,"column":6},"end":{"line":171,"column":null}},"82":{"start":{"line":171,"column":32},"end":{"line":171,"column":null}},"83":{"start":{"line":172,"column":6},"end":{"line":172,"column":null}},"84":{"start":{"line":174,"column":4},"end":{"line":174,"column":null}},"85":{"start":{"line":181,"column":24},"end":{"line":181,"column":null}},"86":{"start":{"line":182,"column":4},"end":{"line":182,"column":null}},"87":{"start":{"line":182,"column":22},"end":{"line":182,"column":null}},"88":{"start":{"line":184,"column":4},"end":{"line":188,"column":null}},"89":{"start":{"line":185,"column":24},"end":{"line":185,"column":null}},"90":{"start":{"line":186,"column":6},"end":{"line":186,"column":null}},"91":{"start":{"line":186,"column":22},"end":{"line":186,"column":null}},"92":{"start":{"line":187,"column":6},"end":{"line":187,"column":null}},"93":{"start":{"line":187,"column":32},"end":{"line":187,"column":null}},"94":{"start":{"line":189,"column":4},"end":{"line":189,"column":null}},"95":{"start":{"line":196,"column":24},"end":{"line":196,"column":null}},"96":{"start":{"line":197,"column":4},"end":{"line":197,"column":null}},"97":{"start":{"line":197,"column":22},"end":{"line":197,"column":null}},"98":{"start":{"line":199,"column":55},"end":{"line":199,"column":null}},"99":{"start":{"line":200,"column":4},"end":{"line":205,"column":null}},"100":{"start":{"line":201,"column":24},"end":{"line":201,"column":null}},"101":{"start":{"line":202,"column":6},"end":{"line":202,"column":null}},"102":{"start":{"line":202,"column":22},"end":{"line":202,"column":null}},"103":{"start":{"line":203,"column":6},"end":{"line":203,"column":null}},"104":{"start":{"line":203,"column":32},"end":{"line":203,"column":null}},"105":{"start":{"line":204,"column":6},"end":{"line":204,"column":null}},"106":{"start":{"line":206,"column":4},"end":{"line":206,"column":null}},"107":{"start":{"line":213,"column":24},"end":{"line":213,"column":null}},"108":{"start":{"line":214,"column":4},"end":{"line":214,"column":null}},"109":{"start":{"line":214,"column":22},"end":{"line":214,"column":null}},"110":{"start":{"line":216,"column":4},"end":{"line":220,"column":null}},"111":{"start":{"line":217,"column":24},"end":{"line":217,"column":null}},"112":{"start":{"line":218,"column":6},"end":{"line":218,"column":null}},"113":{"start":{"line":218,"column":22},"end":{"line":218,"column":null}},"114":{"start":{"line":219,"column":6},"end":{"line":219,"column":null}},"115":{"start":{"line":219,"column":32},"end":{"line":219,"column":null}},"116":{"start":{"line":222,"column":23},"end":{"line":222,"column":null}},"117":{"start":{"line":223,"column":4},"end":{"line":223,"column":null}},"118":{"start":{"line":230,"column":24},"end":{"line":230,"column":null}},"119":{"start":{"line":231,"column":4},"end":{"line":231,"column":null}},"120":{"start":{"line":231,"column":22},"end":{"line":231,"column":null}},"121":{"start":{"line":233,"column":55},"end":{"line":233,"column":null}},"122":{"start":{"line":234,"column":51},"end":{"line":234,"column":null}},"123":{"start":{"line":236,"column":4},"end":{"line":291,"column":null}},"124":{"start":{"line":237,"column":6},"end":{"line":240,"column":null}},"125":{"start":{"line":238,"column":8},"end":{"line":238,"column":null}},"126":{"start":{"line":239,"column":8},"end":{"line":239,"column":null}},"127":{"start":{"line":242,"column":24},"end":{"line":242,"column":null}},"128":{"start":{"line":243,"column":6},"end":{"line":243,"column":null}},"129":{"start":{"line":243,"column":22},"end":{"line":243,"column":null}},"130":{"start":{"line":244,"column":6},"end":{"line":244,"column":null}},"131":{"start":{"line":244,"column":33},"end":{"line":244,"column":null}},"132":{"start":{"line":246,"column":6},"end":{"line":290,"column":null}},"133":{"start":{"line":247,"column":8},"end":{"line":247,"column":null}},"134":{"start":{"line":249,"column":8},"end":{"line":253,"column":null}},"135":{"start":{"line":250,"column":10},"end":{"line":252,"column":null}},"136":{"start":{"line":255,"column":60},"end":{"line":255,"column":null}},"137":{"start":{"line":256,"column":38},"end":{"line":256,"column":null}},"138":{"start":{"line":258,"column":8},"end":{"line":262,"column":null}},"139":{"start":{"line":259,"column":50},"end":{"line":259,"column":null}},"140":{"start":{"line":260,"column":10},"end":{"line":260,"column":null}},"141":{"start":{"line":260,"column":27},"end":{"line":260,"column":null}},"142":{"start":{"line":261,"column":10},"end":{"line":261,"column":null}},"143":{"start":{"line":261,"column":46},"end":{"line":261,"column":null}},"144":{"start":{"line":263,"column":8},"end":{"line":267,"column":null}},"145":{"start":{"line":264,"column":25},"end":{"line":264,"column":null}},"146":{"start":{"line":265,"column":10},"end":{"line":265,"column":null}},"147":{"start":{"line":266,"column":10},"end":{"line":266,"column":null}},"148":{"start":{"line":266,"column":57},"end":{"line":266,"column":null}},"149":{"start":{"line":268,"column":8},"end":{"line":272,"column":null}},"150":{"start":{"line":269,"column":25},"end":{"line":269,"column":null}},"151":{"start":{"line":270,"column":10},"end":{"line":270,"column":null}},"152":{"start":{"line":271,"column":10},"end":{"line":271,"column":null}},"153":{"start":{"line":271,"column":57},"end":{"line":271,"column":null}},"154":{"start":{"line":273,"column":8},"end":{"line":275,"column":null}},"155":{"start":{"line":274,"column":10},"end":{"line":274,"column":null}},"156":{"start":{"line":276,"column":8},"end":{"line":278,"column":null}},"157":{"start":{"line":277,"column":10},"end":{"line":277,"column":null}},"158":{"start":{"line":279,"column":8},"end":{"line":281,"column":null}},"159":{"start":{"line":280,"column":10},"end":{"line":280,"column":null}},"160":{"start":{"line":282,"column":8},"end":{"line":284,"column":null}},"161":{"start":{"line":283,"column":10},"end":{"line":283,"column":null}},"162":{"start":{"line":286,"column":26},"end":{"line":286,"column":null}},"163":{"start":{"line":287,"column":8},"end":{"line":287,"column":null}},"164":{"start":{"line":289,"column":8},"end":{"line":289,"column":null}},"165":{"start":{"line":289,"column":47},"end":{"line":289,"column":null}},"166":{"start":{"line":293,"column":4},"end":{"line":296,"column":null}},"167":{"start":{"line":303,"column":24},"end":{"line":303,"column":null}},"168":{"start":{"line":304,"column":4},"end":{"line":304,"column":null}},"169":{"start":{"line":304,"column":22},"end":{"line":304,"column":null}},"170":{"start":{"line":306,"column":55},"end":{"line":306,"column":null}},"171":{"start":{"line":307,"column":51},"end":{"line":307,"column":null}},"172":{"start":{"line":309,"column":4},"end":{"line":355,"column":null}},"173":{"start":{"line":310,"column":6},"end":{"line":313,"column":null}},"174":{"start":{"line":311,"column":8},"end":{"line":311,"column":null}},"175":{"start":{"line":312,"column":8},"end":{"line":312,"column":null}},"176":{"start":{"line":315,"column":24},"end":{"line":315,"column":null}},"177":{"start":{"line":316,"column":6},"end":{"line":316,"column":null}},"178":{"start":{"line":316,"column":22},"end":{"line":316,"column":null}},"179":{"start":{"line":318,"column":6},"end":{"line":354,"column":null}},"180":{"start":{"line":319,"column":8},"end":{"line":319,"column":null}},"181":{"start":{"line":321,"column":8},"end":{"line":323,"column":null}},"182":{"start":{"line":322,"column":10},"end":{"line":322,"column":null}},"183":{"start":{"line":324,"column":60},"end":{"line":324,"column":null}},"184":{"start":{"line":325,"column":38},"end":{"line":325,"column":null}},"185":{"start":{"line":327,"column":8},"end":{"line":331,"column":null}},"186":{"start":{"line":328,"column":25},"end":{"line":328,"column":null}},"187":{"start":{"line":329,"column":10},"end":{"line":329,"column":null}},"188":{"start":{"line":330,"column":10},"end":{"line":330,"column":null}},"189":{"start":{"line":330,"column":57},"end":{"line":330,"column":null}},"190":{"start":{"line":332,"column":8},"end":{"line":336,"column":null}},"191":{"start":{"line":333,"column":50},"end":{"line":333,"column":null}},"192":{"start":{"line":334,"column":10},"end":{"line":334,"column":null}},"193":{"start":{"line":334,"column":27},"end":{"line":334,"column":null}},"194":{"start":{"line":335,"column":10},"end":{"line":335,"column":null}},"195":{"start":{"line":335,"column":46},"end":{"line":335,"column":null}},"196":{"start":{"line":337,"column":8},"end":{"line":339,"column":null}},"197":{"start":{"line":338,"column":10},"end":{"line":338,"column":null}},"198":{"start":{"line":340,"column":8},"end":{"line":342,"column":null}},"199":{"start":{"line":341,"column":10},"end":{"line":341,"column":null}},"200":{"start":{"line":343,"column":8},"end":{"line":345,"column":null}},"201":{"start":{"line":344,"column":10},"end":{"line":344,"column":null}},"202":{"start":{"line":346,"column":8},"end":{"line":348,"column":null}},"203":{"start":{"line":347,"column":10},"end":{"line":347,"column":null}},"204":{"start":{"line":350,"column":26},"end":{"line":350,"column":null}},"205":{"start":{"line":351,"column":8},"end":{"line":351,"column":null}},"206":{"start":{"line":353,"column":8},"end":{"line":353,"column":null}},"207":{"start":{"line":353,"column":47},"end":{"line":353,"column":null}},"208":{"start":{"line":357,"column":4},"end":{"line":360,"column":null}},"209":{"start":{"line":367,"column":24},"end":{"line":367,"column":null}},"210":{"start":{"line":368,"column":4},"end":{"line":368,"column":null}},"211":{"start":{"line":368,"column":22},"end":{"line":368,"column":null}},"212":{"start":{"line":370,"column":55},"end":{"line":370,"column":null}},"213":{"start":{"line":372,"column":4},"end":{"line":379,"column":null}},"214":{"start":{"line":373,"column":24},"end":{"line":373,"column":null}},"215":{"start":{"line":374,"column":6},"end":{"line":374,"column":null}},"216":{"start":{"line":374,"column":22},"end":{"line":374,"column":null}},"217":{"start":{"line":375,"column":6},"end":{"line":375,"column":null}},"218":{"start":{"line":375,"column":32},"end":{"line":375,"column":null}},"219":{"start":{"line":376,"column":6},"end":{"line":376,"column":null}},"220":{"start":{"line":376,"column":37},"end":{"line":376,"column":null}},"221":{"start":{"line":378,"column":6},"end":{"line":378,"column":null}},"222":{"start":{"line":381,"column":25},"end":{"line":381,"column":null}},"223":{"start":{"line":382,"column":4},"end":{"line":382,"column":null}},"224":{"start":{"line":386,"column":4},"end":{"line":388,"column":null}},"225":{"start":{"line":387,"column":6},"end":{"line":387,"column":null}},"226":{"start":{"line":389,"column":4},"end":{"line":389,"column":null}},"227":{"start":{"line":393,"column":20},"end":{"line":393,"column":null}},"228":{"start":{"line":394,"column":4},"end":{"line":398,"column":null}},"229":{"start":{"line":395,"column":6},"end":{"line":397,"column":null}},"230":{"start":{"line":396,"column":8},"end":{"line":396,"column":null}},"231":{"start":{"line":399,"column":4},"end":{"line":401,"column":null}},"232":{"start":{"line":400,"column":6},"end":{"line":400,"column":null}},"233":{"start":{"line":402,"column":4},"end":{"line":404,"column":null}},"234":{"start":{"line":403,"column":6},"end":{"line":403,"column":null}},"235":{"start":{"line":405,"column":4},"end":{"line":407,"column":null}},"236":{"start":{"line":406,"column":6},"end":{"line":406,"column":null}},"237":{"start":{"line":408,"column":4},"end":{"line":410,"column":null}},"238":{"start":{"line":409,"column":6},"end":{"line":409,"column":null}},"239":{"start":{"line":418,"column":4},"end":{"line":418,"column":null}},"240":{"start":{"line":420,"column":55},"end":{"line":420,"column":null}},"241":{"start":{"line":421,"column":47},"end":{"line":421,"column":null}},"242":{"start":{"line":422,"column":56},"end":{"line":422,"column":null}},"243":{"start":{"line":423,"column":55},"end":{"line":423,"column":null}},"244":{"start":{"line":425,"column":4},"end":{"line":429,"column":null}},"245":{"start":{"line":426,"column":33},"end":{"line":426,"column":null}},"246":{"start":{"line":427,"column":6},"end":{"line":427,"column":null}},"247":{"start":{"line":427,"column":18},"end":{"line":427,"column":null}},"248":{"start":{"line":428,"column":6},"end":{"line":428,"column":null}},"249":{"start":{"line":431,"column":4},"end":{"line":435,"column":null}},"250":{"start":{"line":432,"column":37},"end":{"line":432,"column":null}},"251":{"start":{"line":433,"column":6},"end":{"line":433,"column":null}},"252":{"start":{"line":434,"column":6},"end":{"line":434,"column":null}},"253":{"start":{"line":437,"column":4},"end":{"line":441,"column":null}},"254":{"start":{"line":438,"column":37},"end":{"line":438,"column":null}},"255":{"start":{"line":439,"column":6},"end":{"line":439,"column":null}},"256":{"start":{"line":440,"column":6},"end":{"line":440,"column":null}},"257":{"start":{"line":443,"column":4},"end":{"line":445,"column":null}},"258":{"start":{"line":444,"column":6},"end":{"line":444,"column":null}},"259":{"start":{"line":447,"column":4},"end":{"line":449,"column":null}},"260":{"start":{"line":448,"column":6},"end":{"line":448,"column":null}},"261":{"start":{"line":451,"column":4},"end":{"line":453,"column":null}},"262":{"start":{"line":452,"column":6},"end":{"line":452,"column":null}},"263":{"start":{"line":455,"column":4},"end":{"line":457,"column":null}},"264":{"start":{"line":456,"column":6},"end":{"line":456,"column":null}},"265":{"start":{"line":459,"column":4},"end":{"line":461,"column":null}},"266":{"start":{"line":460,"column":6},"end":{"line":460,"column":null}},"267":{"start":{"line":463,"column":4},"end":{"line":465,"column":null}},"268":{"start":{"line":464,"column":6},"end":{"line":464,"column":null}},"269":{"start":{"line":467,"column":4},"end":{"line":469,"column":null}},"270":{"start":{"line":468,"column":6},"end":{"line":468,"column":null}},"271":{"start":{"line":471,"column":4},"end":{"line":473,"column":null}},"272":{"start":{"line":472,"column":6},"end":{"line":472,"column":null}},"273":{"start":{"line":475,"column":4},"end":{"line":477,"column":null}},"274":{"start":{"line":476,"column":6},"end":{"line":476,"column":null}},"275":{"start":{"line":479,"column":4},"end":{"line":481,"column":null}},"276":{"start":{"line":480,"column":6},"end":{"line":480,"column":null}},"277":{"start":{"line":483,"column":4},"end":{"line":485,"column":null}},"278":{"start":{"line":484,"column":6},"end":{"line":484,"column":null}},"279":{"start":{"line":487,"column":4},"end":{"line":492,"column":null}},"280":{"start":{"line":499,"column":4},"end":{"line":499,"column":null}},"281":{"start":{"line":499,"column":16},"end":{"line":499,"column":null}},"282":{"start":{"line":500,"column":4},"end":{"line":500,"column":null}},"283":{"start":{"line":508,"column":22},"end":{"line":508,"column":null}},"284":{"start":{"line":509,"column":4},"end":{"line":509,"column":null}},"285":{"start":{"line":509,"column":20},"end":{"line":509,"column":null}},"286":{"start":{"line":511,"column":4},"end":{"line":557,"column":null}},"287":{"start":{"line":512,"column":21},"end":{"line":512,"column":null}},"288":{"start":{"line":513,"column":6},"end":{"line":513,"column":null}},"289":{"start":{"line":513,"column":32},"end":{"line":513,"column":null}},"290":{"start":{"line":515,"column":6},"end":{"line":533,"column":null}},"291":{"start":{"line":516,"column":50},"end":{"line":516,"column":null}},"292":{"start":{"line":517,"column":8},"end":{"line":517,"column":null}},"293":{"start":{"line":517,"column":26},"end":{"line":517,"column":null}},"294":{"start":{"line":518,"column":8},"end":{"line":521,"column":null}},"295":{"start":{"line":519,"column":10},"end":{"line":519,"column":null}},"296":{"start":{"line":520,"column":10},"end":{"line":520,"column":null}},"297":{"start":{"line":522,"column":8},"end":{"line":525,"column":null}},"298":{"start":{"line":523,"column":10},"end":{"line":523,"column":null}},"299":{"start":{"line":524,"column":10},"end":{"line":524,"column":null}},"300":{"start":{"line":526,"column":8},"end":{"line":530,"column":null}},"301":{"start":{"line":527,"column":10},"end":{"line":529,"column":null}},"302":{"start":{"line":531,"column":8},"end":{"line":531,"column":null}},"303":{"start":{"line":532,"column":8},"end":{"line":532,"column":null}},"304":{"start":{"line":535,"column":6},"end":{"line":556,"column":null}},"305":{"start":{"line":536,"column":23},"end":{"line":536,"column":null}},"306":{"start":{"line":537,"column":8},"end":{"line":542,"column":null}},"307":{"start":{"line":538,"column":10},"end":{"line":541,"column":null}},"308":{"start":{"line":543,"column":8},"end":{"line":546,"column":null}},"309":{"start":{"line":544,"column":10},"end":{"line":544,"column":null}},"310":{"start":{"line":544,"column":31},"end":{"line":544,"column":null}},"311":{"start":{"line":545,"column":10},"end":{"line":545,"column":null}},"312":{"start":{"line":547,"column":8},"end":{"line":550,"column":null}},"313":{"start":{"line":548,"column":10},"end":{"line":548,"column":null}},"314":{"start":{"line":548,"column":30},"end":{"line":548,"column":null}},"315":{"start":{"line":549,"column":10},"end":{"line":549,"column":null}},"316":{"start":{"line":551,"column":8},"end":{"line":555,"column":null}},"317":{"start":{"line":552,"column":10},"end":{"line":554,"column":null}},"318":{"start":{"line":563,"column":44},"end":{"line":563,"column":null}},"319":{"start":{"line":564,"column":4},"end":{"line":570,"column":null}},"320":{"start":{"line":565,"column":46},"end":{"line":565,"column":null}},"321":{"start":{"line":566,"column":6},"end":{"line":566,"column":null}},"322":{"start":{"line":566,"column":24},"end":{"line":566,"column":null}},"323":{"start":{"line":567,"column":6},"end":{"line":567,"column":null}},"324":{"start":{"line":567,"column":26},"end":{"line":567,"column":null}},"325":{"start":{"line":568,"column":6},"end":{"line":568,"column":null}},"326":{"start":{"line":568,"column":25},"end":{"line":568,"column":null}},"327":{"start":{"line":569,"column":6},"end":{"line":569,"column":null}},"328":{"start":{"line":571,"column":4},"end":{"line":571,"column":null}},"329":{"start":{"line":578,"column":4},"end":{"line":580,"column":null}},"330":{"start":{"line":579,"column":6},"end":{"line":579,"column":null}},"331":{"start":{"line":582,"column":63},"end":{"line":582,"column":null}},"332":{"start":{"line":584,"column":4},"end":{"line":600,"column":null}},"333":{"start":{"line":585,"column":6},"end":{"line":585,"column":null}},"334":{"start":{"line":585,"column":34},"end":{"line":585,"column":null}},"335":{"start":{"line":586,"column":27},"end":{"line":586,"column":null}},"336":{"start":{"line":587,"column":26},"end":{"line":587,"column":null}},"337":{"start":{"line":588,"column":6},"end":{"line":588,"column":null}},"338":{"start":{"line":588,"column":54},"end":{"line":588,"column":null}},"339":{"start":{"line":590,"column":15},"end":{"line":590,"column":null}},"340":{"start":{"line":591,"column":6},"end":{"line":598,"column":null}},"341":{"start":{"line":591,"column":19},"end":{"line":591,"column":22}},"342":{"start":{"line":592,"column":18},"end":{"line":592,"column":null}},"343":{"start":{"line":593,"column":8},"end":{"line":593,"column":null}},"344":{"start":{"line":593,"column":31},"end":{"line":593,"column":null}},"345":{"start":{"line":594,"column":8},"end":{"line":597,"column":null}},"346":{"start":{"line":595,"column":10},"end":{"line":595,"column":null}},"347":{"start":{"line":596,"column":10},"end":{"line":596,"column":null}},"348":{"start":{"line":599,"column":6},"end":{"line":599,"column":null}},"349":{"start":{"line":599,"column":14},"end":{"line":599,"column":null}},"350":{"start":{"line":602,"column":4},"end":{"line":602,"column":null}},"351":{"start":{"line":602,"column":30},"end":{"line":602,"column":null}},"352":{"start":{"line":603,"column":4},"end":{"line":607,"column":null}},"353":{"start":{"line":604,"column":6},"end":{"line":606,"column":null}},"354":{"start":{"line":605,"column":74},"end":{"line":605,"column":86}},"355":{"start":{"line":608,"column":4},"end":{"line":608,"column":null}},"356":{"start":{"line":616,"column":26},"end":{"line":616,"column":null}},"357":{"start":{"line":617,"column":23},"end":{"line":617,"column":null}},"358":{"start":{"line":619,"column":4},"end":{"line":622,"column":null}},"359":{"start":{"line":620,"column":20},"end":{"line":620,"column":null}},"360":{"start":{"line":621,"column":6},"end":{"line":621,"column":null}},"361":{"start":{"line":624,"column":4},"end":{"line":639,"column":null}},"362":{"start":{"line":625,"column":6},"end":{"line":631,"column":null}},"363":{"start":{"line":626,"column":8},"end":{"line":630,"column":null}},"364":{"start":{"line":627,"column":10},"end":{"line":629,"column":null}},"365":{"start":{"line":633,"column":6},"end":{"line":638,"column":null}},"366":{"start":{"line":634,"column":8},"end":{"line":637,"column":null}},"367":{"start":{"line":635,"column":24},"end":{"line":635,"column":null}},"368":{"start":{"line":636,"column":10},"end":{"line":636,"column":null}},"369":{"start":{"line":641,"column":4},"end":{"line":705,"column":null}},"370":{"start":{"line":643,"column":50},"end":{"line":643,"column":66}},"371":{"start":{"line":648,"column":8},"end":{"line":684,"column":null}},"372":{"start":{"line":649,"column":10},"end":{"line":655,"column":null}},"373":{"start":{"line":650,"column":12},"end":{"line":650,"column":null}},"374":{"start":{"line":651,"column":34},"end":{"line":651,"column":null}},"375":{"start":{"line":652,"column":12},"end":{"line":652,"column":null}},"376":{"start":{"line":654,"column":12},"end":{"line":654,"column":null}},"377":{"start":{"line":657,"column":10},"end":{"line":659,"column":null}},"378":{"start":{"line":658,"column":12},"end":{"line":658,"column":null}},"379":{"start":{"line":660,"column":25},"end":{"line":660,"column":null}},"380":{"start":{"line":661,"column":10},"end":{"line":663,"column":null}},"381":{"start":{"line":662,"column":12},"end":{"line":662,"column":null}},"382":{"start":{"line":665,"column":26},"end":{"line":665,"column":null}},"383":{"start":{"line":666,"column":10},"end":{"line":669,"column":null}},"384":{"start":{"line":667,"column":28},"end":{"line":667,"column":null}},"385":{"start":{"line":668,"column":12},"end":{"line":668,"column":null}},"386":{"start":{"line":668,"column":82},"end":{"line":668,"column":90}},"387":{"start":{"line":671,"column":27},"end":{"line":671,"column":null}},"388":{"start":{"line":672,"column":28},"end":{"line":672,"column":null}},"389":{"start":{"line":674,"column":10},"end":{"line":680,"column":null}},"390":{"start":{"line":675,"column":12},"end":{"line":675,"column":null}},"391":{"start":{"line":676,"column":34},"end":{"line":676,"column":null}},"392":{"start":{"line":677,"column":12},"end":{"line":677,"column":null}},"393":{"start":{"line":679,"column":12},"end":{"line":679,"column":null}},"394":{"start":{"line":682,"column":41},"end":{"line":682,"column":null}},"395":{"start":{"line":683,"column":10},"end":{"line":683,"column":null}},"396":{"start":{"line":686,"column":26},"end":{"line":686,"column":null}},"397":{"start":{"line":688,"column":8},"end":{"line":693,"column":null}},"398":{"start":{"line":689,"column":10},"end":{"line":692,"column":null}},"399":{"start":{"line":695,"column":8},"end":{"line":697,"column":null}},"400":{"start":{"line":696,"column":10},"end":{"line":696,"column":null}},"401":{"start":{"line":699,"column":8},"end":{"line":701,"column":null}},"402":{"start":{"line":700,"column":10},"end":{"line":700,"column":null}},"403":{"start":{"line":703,"column":8},"end":{"line":703,"column":null}},"404":{"start":{"line":708,"column":2},"end":{"line":708,"column":null}}},"fnMap":{"0":{"name":"isPlainObject","decl":{"start":{"line":43,"column":9},"end":{"line":43,"column":23}},"loc":{"start":{"line":43,"column":65},"end":{"line":45,"column":null}},"line":43},"1":{"name":"createQueryBuilder","decl":{"start":{"line":47,"column":16},"end":{"line":47,"column":35}},"loc":{"start":{"line":47,"column":71},"end":{"line":709,"column":null}},"line":47},"2":{"name":"isShapeConfig","decl":{"start":{"line":48,"column":11},"end":{"line":48,"column":25}},"loc":{"start":{"line":48,"column":59},"end":{"line":52,"column":null}},"line":48},"3":{"name":"(anonymous_3)","decl":{"start":{"line":51,"column":43},"end":{"line":51,"column":48}},"loc":{"start":{"line":51,"column":48},"end":{"line":51,"column":72}},"line":51},"4":{"name":"buildWhereSchema","decl":{"start":{"line":54,"column":11},"end":{"line":54,"column":null}},"loc":{"start":{"line":57,"column":70},"end":{"line":105,"column":null}},"line":57},"5":{"name":"buildCountFieldSchema","decl":{"start":{"line":107,"column":11},"end":{"line":107,"column":null}},"loc":{"start":{"line":111,"column":18},"end":{"line":128,"column":null}},"line":111},"6":{"name":"buildIncludeCountSchema","decl":{"start":{"line":130,"column":11},"end":{"line":130,"column":null}},"loc":{"start":{"line":133,"column":18},"end":{"line":157,"column":null}},"line":133},"7":{"name":"buildAggregateFieldSchema","decl":{"start":{"line":159,"column":11},"end":{"line":159,"column":null}},"loc":{"start":{"line":163,"column":18},"end":{"line":175,"column":null}},"line":163},"8":{"name":"buildBySchema","decl":{"start":{"line":177,"column":11},"end":{"line":177,"column":null}},"loc":{"start":{"line":180,"column":18},"end":{"line":190,"column":null}},"line":180},"9":{"name":"buildCursorSchema","decl":{"start":{"line":192,"column":11},"end":{"line":192,"column":null}},"loc":{"start":{"line":195,"column":18},"end":{"line":207,"column":null}},"line":195},"10":{"name":"buildDistinctSchema","decl":{"start":{"line":209,"column":11},"end":{"line":209,"column":null}},"loc":{"start":{"line":212,"column":18},"end":{"line":224,"column":null}},"line":212},"11":{"name":"buildIncludeSchema","decl":{"start":{"line":226,"column":11},"end":{"line":226,"column":null}},"loc":{"start":{"line":229,"column":70},"end":{"line":297,"column":null}},"line":229},"12":{"name":"buildSelectSchema","decl":{"start":{"line":299,"column":11},"end":{"line":299,"column":null}},"loc":{"start":{"line":302,"column":70},"end":{"line":361,"column":null}},"line":302},"13":{"name":"buildOrderBySchema","decl":{"start":{"line":363,"column":11},"end":{"line":363,"column":null}},"loc":{"start":{"line":366,"column":18},"end":{"line":383,"column":null}},"line":366},"14":{"name":"buildTakeSchema","decl":{"start":{"line":385,"column":11},"end":{"line":385,"column":27}},"loc":{"start":{"line":385,"column":83},"end":{"line":390,"column":null}},"line":385},"15":{"name":"validateShapeArgs","decl":{"start":{"line":392,"column":11},"end":{"line":392,"column":29}},"loc":{"start":{"line":392,"column":76},"end":{"line":411,"column":null}},"line":392},"16":{"name":"buildShapeZodSchema","decl":{"start":{"line":413,"column":11},"end":{"line":413,"column":null}},"loc":{"start":{"line":417,"column":16},"end":{"line":493,"column":null}},"line":417},"17":{"name":"mergeForced","decl":{"start":{"line":495,"column":11},"end":{"line":495,"column":null}},"loc":{"start":{"line":498,"column":29},"end":{"line":501,"column":null}},"line":498},"18":{"name":"applyForcedTree","decl":{"start":{"line":503,"column":11},"end":{"line":503,"column":null}},"loc":{"start":{"line":507,"column":10},"end":{"line":558,"column":null}},"line":507},"19":{"name":"buildForcedOnlyContainer","decl":{"start":{"line":560,"column":11},"end":{"line":560,"column":null}},"loc":{"start":{"line":562,"column":29},"end":{"line":572,"column":null}},"line":562},"20":{"name":"matchCaller","decl":{"start":{"line":574,"column":11},"end":{"line":574,"column":null}},"loc":{"start":{"line":577,"column":52},"end":{"line":609,"column":null}},"line":577},"21":{"name":"(anonymous_21)","decl":{"start":{"line":605,"column":69},"end":{"line":605,"column":74}},"loc":{"start":{"line":605,"column":74},"end":{"line":605,"column":86}},"line":605},"22":{"name":"buildQuerySchema","decl":{"start":{"line":611,"column":11},"end":{"line":611,"column":null}},"loc":{"start":{"line":615,"column":23},"end":{"line":706,"column":null}},"line":615},"23":{"name":"(anonymous_23)","decl":{"start":{"line":643,"column":38},"end":{"line":643,"column":39}},"loc":{"start":{"line":643,"column":50},"end":{"line":643,"column":66}},"line":643},"24":{"name":"(anonymous_24)","decl":{"start":{"line":645,"column":6},"end":{"line":645,"column":12}},"loc":{"start":{"line":645,"column":75},"end":{"line":704,"column":null}},"line":645},"25":{"name":"(anonymous_25)","decl":{"start":{"line":668,"column":77},"end":{"line":668,"column":82}},"loc":{"start":{"line":668,"column":82},"end":{"line":668,"column":90}},"line":668}},"branchMap":{"0":{"loc":{"start":{"line":44,"column":9},"end":{"line":44,"column":null}},"type":"binary-expr","locations":[{"start":{"line":44,"column":9},"end":{"line":44,"column":34}},{"start":{"line":44,"column":34},"end":{"line":44,"column":48}},{"start":{"line":44,"column":48},"end":{"line":44,"column":null}}],"line":44},"1":{"loc":{"start":{"line":49,"column":4},"end":{"line":49,"column":null}},"type":"if","locations":[{"start":{"line":49,"column":4},"end":{"line":49,"column":null}},{"start":{},"end":{}}],"line":49},"2":{"loc":{"start":{"line":51,"column":11},"end":{"line":51,"column":null}},"type":"binary-expr","locations":[{"start":{"line":51,"column":11},"end":{"line":51,"column":32}},{"start":{"line":51,"column":32},"end":{"line":51,"column":null}}],"line":51},"3":{"loc":{"start":{"line":59,"column":4},"end":{"line":59,"column":null}},"type":"if","locations":[{"start":{"line":59,"column":4},"end":{"line":59,"column":null}},{"start":{},"end":{}}],"line":59},"4":{"loc":{"start":{"line":66,"column":6},"end":{"line":66,"column":null}},"type":"if","locations":[{"start":{"line":66,"column":6},"end":{"line":66,"column":null}},{"start":{},"end":{}}],"line":66},"5":{"loc":{"start":{"line":67,"column":6},"end":{"line":67,"column":null}},"type":"if","locations":[{"start":{"line":67,"column":6},"end":{"line":67,"column":null}},{"start":{},"end":{}}],"line":67},"6":{"loc":{"start":{"line":68,"column":6},"end":{"line":68,"column":null}},"type":"if","locations":[{"start":{"line":68,"column":6},"end":{"line":68,"column":null}},{"start":{},"end":{}}],"line":68},"7":{"loc":{"start":{"line":76,"column":8},"end":{"line":84,"column":null}},"type":"if","locations":[{"start":{"line":76,"column":8},"end":{"line":84,"column":null}},{"start":{"line":82,"column":15},"end":{"line":84,"column":null}}],"line":76},"8":{"loc":{"start":{"line":79,"column":10},"end":{"line":81,"column":null}},"type":"if","locations":[{"start":{"line":79,"column":10},"end":{"line":81,"column":null}},{"start":{},"end":{}}],"line":79},"9":{"loc":{"start":{"line":79,"column":14},"end":{"line":79,"column":70}},"type":"binary-expr","locations":[{"start":{"line":79,"column":14},"end":{"line":79,"column":45}},{"start":{"line":79,"column":45},"end":{"line":79,"column":70}}],"line":79},"10":{"loc":{"start":{"line":87,"column":6},"end":{"line":89,"column":null}},"type":"if","locations":[{"start":{"line":87,"column":6},"end":{"line":89,"column":null}},{"start":{},"end":{}}],"line":87},"11":{"loc":{"start":{"line":91,"column":6},"end":{"line":93,"column":null}},"type":"if","locations":[{"start":{"line":91,"column":6},"end":{"line":93,"column":null}},{"start":{},"end":{}}],"line":91},"12":{"loc":{"start":{"line":95,"column":6},"end":{"line":97,"column":null}},"type":"if","locations":[{"start":{"line":95,"column":6},"end":{"line":97,"column":null}},{"start":{},"end":{}}],"line":95},"13":{"loc":{"start":{"line":100,"column":19},"end":{"line":102,"column":null}},"type":"cond-expr","locations":[{"start":{"line":101,"column":8},"end":{"line":101,"column":null}},{"start":{"line":102,"column":8},"end":{"line":102,"column":null}}],"line":100},"14":{"loc":{"start":{"line":112,"column":4},"end":{"line":114,"column":null}},"type":"if","locations":[{"start":{"line":112,"column":4},"end":{"line":114,"column":null}},{"start":{},"end":{}}],"line":112},"15":{"loc":{"start":{"line":117,"column":4},"end":{"line":117,"column":null}},"type":"if","locations":[{"start":{"line":117,"column":4},"end":{"line":117,"column":null}},{"start":{},"end":{}}],"line":117},"16":{"loc":{"start":{"line":121,"column":6},"end":{"line":124,"column":null}},"type":"if","locations":[{"start":{"line":121,"column":6},"end":{"line":124,"column":null}},{"start":{},"end":{}}],"line":121},"17":{"loc":{"start":{"line":123,"column":8},"end":{"line":123,"column":null}},"type":"if","locations":[{"start":{"line":123,"column":8},"end":{"line":123,"column":null}},{"start":{},"end":{}}],"line":123},"18":{"loc":{"start":{"line":135,"column":4},"end":{"line":135,"column":null}},"type":"if","locations":[{"start":{"line":135,"column":4},"end":{"line":135,"column":null}},{"start":{},"end":{}}],"line":135},"19":{"loc":{"start":{"line":137,"column":4},"end":{"line":139,"column":null}},"type":"if","locations":[{"start":{"line":137,"column":4},"end":{"line":139,"column":null}},{"start":{},"end":{}}],"line":137},"20":{"loc":{"start":{"line":141,"column":4},"end":{"line":143,"column":null}},"type":"if","locations":[{"start":{"line":141,"column":4},"end":{"line":143,"column":null}},{"start":{},"end":{}}],"line":141},"21":{"loc":{"start":{"line":141,"column":8},"end":{"line":141,"column":57}},"type":"binary-expr","locations":[{"start":{"line":141,"column":8},"end":{"line":141,"column":34}},{"start":{"line":141,"column":34},"end":{"line":141,"column":57}}],"line":141},"22":{"loc":{"start":{"line":150,"column":6},"end":{"line":150,"column":null}},"type":"if","locations":[{"start":{"line":150,"column":6},"end":{"line":150,"column":null}},{"start":{},"end":{}}],"line":150},"23":{"loc":{"start":{"line":151,"column":6},"end":{"line":151,"column":null}},"type":"if","location
[...]
":{"0":{"start":{"line":5,"column":56},"end":{"line":22,"column":null}},"1":{"start":{"line":6,"column":16},"end":{"line":6,"column":null}},"2":{"start":{"line":7,"column":13},"end":{"line":7,"column":null}},"3":{"start":{"line":8,"column":15},"end":{"line":8,"column":null}},"4":{"start":{"line":9,"column":17},"end":{"line":13,"column":null}},"5":{"start":{"line":12,"column":27},"end":{"line":12,"column":106}},"6":{"start":{"line":14,"column":16},"end":{"line":14,"column":null}},"7":{"start":{"line":15,"column":17},"end":{"line":15,"column":null}},"8":{"start":{"line":16,"column":18},"end":{"line":16,"column":null}},"9":{"start":{"line":17,"column":14},"end":{"line":17,"column":null}},"10":{"start":{"line":18,"column":15},"end":{"line":21,"column":null}},"11":{"start":{"line":20,"column":27},"end":{"line":20,"column":50}},"12":{"start":{"line":24,"column":54},"end":{"line":32,"column":null}},"13":{"start":{"line":34,"column":23},"end":{"line":34,"column":null}},"14":{"start":{"line":39,"column":2},"end":{"line":51,"column":null}},"15":{"start":{"line":40,"column":19},"end":{"line":40,"column":null}},"16":{"start":{"line":41,"column":4},"end":{"line":43,"column":null}},"17":{"start":{"line":42,"column":6},"end":{"line":42,"column":null}},"18":{"start":{"line":44,"column":4},"end":{"line":44,"column":null}},"19":{"start":{"line":46,"column":20},"end":{"line":46,"column":null}},"20":{"start":{"line":47,"column":4},"end":{"line":49,"column":null}},"21":{"start":{"line":48,"column":6},"end":{"line":48,"column":null}},"22":{"start":{"line":50,"column":4},"end":{"line":50,"column":null}},"23":{"start":{"line":53,"column":2},"end":{"line":55,"column":null}},"24":{"start":{"line":54,"column":4},"end":{"line":54,"column":null}},"25":{"start":{"line":57,"column":2},"end":{"line":57,"column":null}},"26":{"start":{"line":65,"column":2},"end":{"line":81,"column":null}},"27":{"start":{"line":66,"column":19},"end":{"line":66,"column":null}},"28":{"start":{"line":67,"column":4},"end":{"line":69,"column":null}},"29":{"start":{"line":68,"column":6},"end":{"line":68,"column":null}},"30":{"start":{"line":70,"column":4},"end":{"line":72,"column":null}},"31":{"start":{"line":71,"column":6},"end":{"line":71,"column":null}},"32":{"start":{"line":73,"column":23},"end":{"line":73,"column":null}},"33":{"start":{"line":74,"column":4},"end":{"line":76,"column":null}},"34":{"start":{"line":75,"column":6},"end":{"line":75,"column":null}},"35":{"start":{"line":77,"column":4},"end":{"line":79,"column":null}},"36":{"start":{"line":78,"column":6},"end":{"line":78,"column":null}},"37":{"start":{"line":80,"column":4},"end":{"line":80,"column":null}},"38":{"start":{"line":83,"column":23},"end":{"line":83,"column":null}},"39":{"start":{"line":84,"column":2},"end":{"line":86,"column":null}},"40":{"start":{"line":85,"column":4},"end":{"line":85,"column":null}},"41":{"start":{"line":87,"column":2},"end":{"line":89,"column":null}},"42":{"start":{"line":88,"column":4},"end":{"line":88,"column":null}},"43":{"start":{"line":91,"column":18},"end":{"line":91,"column":null}},"44":{"start":{"line":92,"column":2},"end":{"line":94,"column":null}},"45":{"start":{"line":93,"column":4},"end":{"line":93,"column":null}},"46":{"start":{"line":96,"column":17},"end":{"line":96,"column":null}},"47":{"start":{"line":98,"column":2},"end":{"line":100,"column":null}},"48":{"start":{"line":99,"column":4},"end":{"line":99,"column":null}},"49":{"start":{"line":101,"column":2},"end":{"line":106,"column":null}},"50":{"start":{"line":102,"column":4},"end":{"line":104,"column":null}},"51":{"start":{"line":103,"column":6},"end":{"line":103,"column":null}},"52":{"start":{"line":105,"column":4},"end":{"line":105,"column":null}},"53":{"start":{"line":107,"column":2},"end":{"line":107,"column":null}}},"fnMap":{"0":{"name":"(anonymous_0)","decl":{"start":{"line":6,"column":10},"end":{"line":6,"column":16}},"loc":{"start":{"line":6,"column":16},"end":{"line":6,"column":null}},"line":6},"1":{"name":"(anonymous_1)","decl":{"start":{"line":7,"column":7},"end":{"line":7,"column":13}},"loc":{"start":{"line":7,"column":13},"end":{"line":7,"column":null}},"line":7},"2":{"name":"(anonymous_2)","decl":{"start":{"line":8,"column":9},"end":{"line":8,"column":15}},"loc":{"start":{"line":8,"column":15},"end":{"line":8,"column":null}},"line":8},"3":{"name":"(anonymous_3)","decl":{"start":{"line":9,"column":11},"end":{"line":9,"column":17}},"loc":{"start":{"line":9,"column":17},"end":{"line":13,"column":null}},"line":9},"4":{"name":"(anonymous_4)","decl":{"start":{"line":12,"column":22},"end":{"line":12,"column":27}},"loc":{"start":{"line":12,"column":27},"end":{"line":12,"column":106}},"line":12},"5":{"name":"(anonymous_5)","decl":{"start":{"line":14,"column":10},"end":{"line":14,"column":16}},"loc":{"start":{"line":14,"column":16},"end":{"line":14,"column":null}},"line":14},"6":{"name":"(anonymous_6)","decl":{"start":{"line":15,"column":11},"end":{"line":15,"column":17}},"loc":{"start":{"line":15,"column":17},"end":{"line":15,"column":null}},"line":15},"7":{"name":"(anonymous_7)","decl":{"start":{"line":16,"column":12},"end":{"line":16,"column":18}},"loc":{"start":{"line":16,"column":18},"end":{"line":16,"column":null}},"line":16},"8":{"name":"(anonymous_8)","decl":{"start":{"line":17,"column":8},"end":{"line":17,"column":14}},"loc":{"start":{"line":17,"column":14},"end":{"line":17,"column":null}},"line":17},"9":{"name":"(anonymous_9)","decl":{"start":{"line":18,"column":9},"end":{"line":18,"column":15}},"loc":{"start":{"line":18,"column":15},"end":{"line":21,"column":null}},"line":18},"10":{"name":"(anonymous_10)","decl":{"start":{"line":20,"column":22},"end":{"line":20,"column":27}},"loc":{"start":{"line":20,"column":27},"end":{"line":20,"column":50}},"line":20},"11":{"name":"createBaseType","decl":{"start":{"line":36,"column":16},"end":{"line":36,"column":31}},"loc":{"start":{"line":36,"column":85},"end":{"line":58,"column":null}},"line":36},"12":{"name":"createOperatorSchema","decl":{"start":{"line":60,"column":16},"end":{"line":60,"column":null}},"loc":{"start":{"line":64,"column":16},"end":{"line":108,"column":null}},"line":64}},"branchMap":{"0":{"loc":{"start":{"line":12,"column":27},"end":{"line":12,"column":106}},"type":"binary-expr","locations":[{"start":{"line":12,"column":27},"end":{"line":12,"column":52}},{"start":{"line":12,"column":52},"end":{"line":12,"column":66}},{"start":{"line":12,"column":66},"end":{"line":12,"column":106}}],"line":12},"1":{"loc":{"start":{"line":39,"column":2},"end":{"line":51,"column":null}},"type":"if","locations":[{"start":{"line":39,"column":2},"end":{"line":51,"column":null}},{"start":{"line":45,"column":9},"end":{"line":51,"column":null}}],"line":39},"2":{"loc":{"start":{"line":41,"column":4},"end":{"line":43,"column":null}},"type":"if","locations":[{"start":{"line":41,"column":4},"end":{"line":43,"column":null}},{"start":{},"end":{}}],"line":41},"3":{"loc":{"start":{"line":41,"column":8},"end":{"line":41,"column":40}},"type":"binary-expr","locations":[{"start":{"line":41,"column":8},"end":{"line":41,"column":19}},{"start":{"line":41,"column":19},"end":{"line":41,"column":40}}],"line":41},"4":{"loc":{"start":{"line":47,"column":4},"end":{"line":49,"column":null}},"type":"if","locations":[{"start":{"line":47,"column":4},"end":{"line":49,"column":null}},{"start":{},"end":{}}],"line":47},"5":{"loc":{"start":{"line":53,"column":2},"end":{"line":55,"column":null}},"type":"if","locations":[{"start":{"line":53,"column":2},"end":{"line":55,"column":null}},{"start":{},"end":{}}],"line":53},"6":{"loc":{"start":{"line":65,"column":2},"end":{"line":81,"column":null}},"type":"if","locations":[{"start":{"line":65,"column":2},"end":{"line":81,"column":null}},{"start":{},"end":{}}],"line":65},"7":{"loc":{"start":{"line":67,"column":4},"end":{"line":69,"column":null}},"type":"if","locations":[{"start":{"line":67,"column":4},"end":{"line":69,"column":null}},{"start":{},"end":{}}],"line":67},"8":{"loc":{"start":{"line":67,"column":8},"end":{"line":67,"column":40}},"type":"binary-expr","locations":[{"start":{"line":67,"column":8},"end":{"line":67,"column":19}},{"start":{"line":67,"column":19},"end":{"line":67,"column":40}}],"line":67},"9":{"loc":{"start":{"line":70,"column":4},"end":{"line":72,"column":null}},"type":"if","locations":[{"start":{"line":70,"column":4},"end":{"line":72,"column":null}},{"start":{},"end":{}}],"line":70},"10":{"loc":{"start":{"line":74,"column":4},"end":{"line":76,"column":null}},"type":"if","locations":[{"start":{"line":74,"column":4},"end":{"line":76,"column":null}},{"start":{},"end":{}}],"line":74},"11":{"loc":{"start":{"line":74,"column":8},"end":{"line":74,"column":53}},"type":"binary-expr","locations":[{"start":{"line":74,"column":8},"end":{"line":74,"column":33}},{"start":{"line":74,"column":33},"end":{"line":74,"column":53}}],"line":74},"12":{"loc":{"start":{"line":75,"column":13},"end":{"line":75,"column":null}},"type":"cond-expr","locations":[{"start":{"line":75,"column":37},"end":{"line":75,"column":71}},{"start":{"line":75,"column":71},"end":{"line":75,"column":null}}],"line":75},"13":{"loc":{"start":{"line":77,"column":4},"end":{"line":79,"column":null}},"type":"if","locations":[{"start":{"line":77,"column":4},"end":{"line":79,"column":null}},{"start":{},"end":{}}],"line":77},"14":{"loc":{"start":{"line":84,"column":2},"end":{"line":86,"column":null}},"type":"if","locations":[{"start":{"line":84,"column":2},"end":{"line":86,"column":null}},{"start":{},"end":{}}],"line":84},"15":{"loc":{"start":{"line":87,"column":2},"end":{"line":89,"column":null}},"type":"if","locations":[{"start":{"line":87,"column":2},"end":{"line":89,"column":null}},{"start":{},"end":{}}],"line":87},"16":{"loc":{"start":{"line":92,"column":2},"end":{"line":94,"column":null}},"type":"if","locations":[{"start":{"line":92,"column":2},"end":{"line":94,"column":null}},{"start":{},"end":{}}],"line":92},"17":{"loc":{"start":{"line":98,"column":2},"end":{"line":100,"column":null}},"type":"if","locations":[{"start":{"line":98,"column":2},"end":{"line":100,"column":null}},{"start":{},"end":{}}],"line":98},"18":{"loc":{"start":{"line":98,"column":6},"end":{"line":98,"column":51}},"type":"binary-expr","locations":[{"start":{"line":98,"column":6},"end":{"line":98,"column":31}},{"start":{"line":98,"column":31},"end":{"line":98,"column":51}}],"line":98},"19":{"loc":{"start":{"line":99,"column":11},"end":{"line":99,"column":null}},"type":"cond-expr","locations":[{"start":{"line":99,"column":35},"end":{"line":99,"column":65}},{"start":{"line":99,"column":65},"end":{"line":99,"column":null}}],"line":99},"20":{"loc":{"start":{"line":101,"column":2},"end":{"line":106,"column":null}},"type":"if","locations":[{"start":{"line":101,"column":2},"end":{"line":106,"column":null}},{"start":{},"end":{}}],"line":101},"21":{"loc":{"start":{"line":101,"column":6},"end":{"line":101,"column":49}},"type":"binary-expr","locations":[{"start":{"line":101,"column":6},"end":{"line":101,"column":27}},{"start":{"line":101,"column":27},"end":{"line":101,"column":49}}],"line":101},"22":{"loc":{"start":{"line":102,"column":4},"end":{"line":104,"column":null}},"type":"if","locations":[{"start":{"line":102,"column":4},"end":{"line":104,"column":null}},{"start":{},"end":{}}],"line":102}},"s":{"0":10,"1":660,"2":35,"3":1,"4":1,"5":1,"6":1,"7":10,"8":9,"9":1,"10":1,"11":1,"12":10,"13":10,"14":658,"15":7,"16":7,"17":2,"18":5,"19":651,"20":651,"21":2,"22":649,"23":654,"24":1,"25":654,"26":86,"27":9,"28":9,"29":2,"30":7,"31":4,"32":3,"33":3,"34":2,"35":1,"36":0,"37":1,"38":77,"39":77,"40":3,"41":74,"42":4,"43":70,"44":70,"45":0,"46":70,"47":70,"48":22,"49":48,"50":5,"51":1,"52":4,"53":43},"f":{"0":660,"1":35,"2":1,"3":1,"4":1,"5":1,"6":10,"7":9,"8":1,"9":1,"10":1,"11":658,"12":86},"b":{"0":[1,0,0],"1":[7,651],"2":[2,5],"3":[7,5],"4":[2,649],"5":[1,653],"6":[9,77],"7":[2,7],"8":[9,8],"9":[4,3],"10":[2,1],"11":[3,1],"12":[1,1],"13":[0,1],"14":[3,74],"15":[4,70],"16":[0,70],"17":[22,48],"18":[70,51],"19":[1,21],"20":[5,43],"21":[48,45],"22":[1,4]},"meta":{"lastBranch":23,"lastFunction":13,"lastStatement":54,"seen":{"s:5:56:22:Infinity":0,"f:6:10:6:16":0,"s:6:16:6:Infinity":1,"f:7:7:7:13":1,"s:7:13:7:Infinity":2,"f:8:9:8:15":2,"s:8:15:8:Infinity":3,"f:9:11:9:17":3,"s:9:17:13:Infinity":4,"f:12:22:12:27":4,"s:12:27:12:106":5,"b:12:27:12:52:12:52:12:66:12:66:12:106":0,"f:14:10:14:16":5,"s:14:16:14:Infinity":6,"f:15:11:15:17":6,"s:15:17:15:Infinity":7,"f:16:12:16:18":7,"s:16:18:16:Infinity":8,"f:17:8:17:14":8,"s:17:14:17:Infinity":9,"f:18:9:18:15":9,"s:18:15:21:Infinity":10,"f:20:22:20:27":10,"s:20:27:20:50":11,"s:24:54:32:Infinity":12,"s:34:23:34:Infinity":13,"f:36:16:36:31":11,"b:39:2:51:Infinity:45:9:51:Infinity":1,"s:39:2:51:Infinity":14,"s:40:19:40:Infinity":15,"b:41:4:43:Infinity:undefined:undefined:undefined:undefined":2,"s:41:4:43:Infinity":16,"b:41:8:41:19:41:19:41:40":3,"s:42:6:42:Infinity":17,"s:44:4:44:Infinity":18,"s:46:20:46:Infinity":19,"b:47:4:49:Infinity:undefined:undefined:undefined:undefined":4,"s:47:4:49:Infinity":20,"s:48:6:48:Infinity":21,"s:50:4:50:Infinity":22,"b:53:2:55:Infinity:undefined:undefined:undefined:undefined":5,"s:53:2:55:Infinity":23,"s:54:4:54:Infinity":24,"s:57:2:57:Infinity":25,"f:60:16:60:Infinity":12,"b:65:2:81:Infinity:undefined:undefined:undefined:undefined":6,"s:65:2:81:Infinity":26,"s:66:19:66:Infinity":27,"b:67:4:69:Infinity:undefined:undefined:undefined:undefined":7,"s:67:4:69:Infinity":28,"b:67:8:67:19:67:19:67:40":8,"s:68:6:68:Infinity":29,"b:70:4:72:Infinity:undefined:undefined:undefined:undefined":9,"s:70:4:72:Infinity":30,"s:71:6:71:Infinity":31,"s:73:23:73:Infinity":32,"b:74:4:76:Infinity:undefined:undefined:undefined:undefined":10,"s:74:4:76:Infinity":33,"b:74:8:74:33:74:33:74:53":11,"s:75:6:75:Infinity":34,"b:75:37:75:71:75:71:75:Infinity":12,"b:77:4:79:Infinity:undefined:undefined:undefined:undefined":13,"s:77:4:79:Infinity":35,"s:78:6:78:Infinity":36,"s:80:4:80:Infinity":37,"s:83:23:83:Infinity":38,"b:84:2:86:Infinity:undefined:undefined:undefined:undefined":14,"s:84:2:86:Infinity":39,"s:85:4:85:Infinity":40,"b:87:2:89:Infinity:undefined:undefined:undefined:undefined":15,"s:87:2:89:Infinity":41,"s:88:4:88:Infinity":42,"s:91:18:91:Infinity":43,"b:92:2:94:Infinity:undefined:undefined:undefined:undefined":16,"s:92:2:94:Infinity":44,"s:93:4:93:Infinity":45,"s:96:17:96:Infinity":46,"b:98:2:100:Infinity:undefined:undefined:undefined:undefined":17,"s:98:2:100:Infinity":47,"b:98:6:98:31:98:31:98:51":18,"s:99:4:99:Infinity":48,"b:99:35:99:65:99:65:99:Infinity":19,"b:101:2:106:Infinity:undefined:undefined:undefined:undefined":20,"s:101:2:106:Infinity":49,"b:101:6:101:27:101:27:101:49":21,"b:102:4:104:Infinity:undefined:undefined:undefined:undefined":22,"s:102:4:104:Infinity":50,"s:103:6:103:Infinity":51,"s:105:4:105:Infinity":52,"s:107:2:107:Infinity":53}}}
,"/Users/danilt/prisma-guard/src/shared/errors.ts": {"path":"/Users/danilt/prisma-guard/src/shared/errors.ts","statementMap":{"0":{"start":{"line":2,"column":20},"end":{"line":2,"column":null}},"1":{"start":{"line":3,"column":18},"end":{"line":3,"column":null}},"2":{"start":{"line":5,"column":4},"end":{"line":5,"column":null}},"3":{"start":{"line":6,"column":4},"end":{"line":6,"column":null}},"4":{"start":{"line":11,"column":20},"end":{"line":11,"column":null}},"5":{"start":{"line":12,"column":18},"end":{"line":12,"column":null}},"6":{"start":{"line":14,"column":4},"end":{"line":14,"column":null}},"7":{"start":{"line":15,"column":4},"end":{"line":15,"column":null}},"8":{"start":{"line":20,"column":20},"end":{"line":20,"column":null}},"9":{"start":{"line":21,"column":18},"end":{"line":21,"column":null}},"10":{"start":{"line":23,"column":4},"end":{"line":23,"column":null}},"11":{"start":{"line":24,"column":4},"end":{"line":24,"column":null}}},"fnMap":{"0":{"name":"(anonymous_0)","decl":{"start":{"line":4,"column":2},"end":{"line":4,"column":14}},"loc":{"start":{"line":4,"column":65},"end":{"line":7,"column":null}},"line":4},"1":{"name":"(anonymous_1)","decl":{"start":{"line":13,"column":2},"end":{"line":13,"column":14}},"loc":{"start":{"line":13,"column":55},"end":{"line":16,"column":null}},"line":13},"2":{"name":"(anonymous_2)","decl":{"start":{"line":22,"column":2},"end":{"line":22,"column":14}},"loc":{"start":{"line":22,"column":54},"end":{"line":25,"column":null}},"line":22}},"branchMap":{"0":{"loc":{"start":{"line":4,"column":14},"end":{"line":4,"column":41}},"type":"default-arg","locations":[{"start":{"line":4,"column":24},"end":{"line":4,"column":41}}],"line":4}},"s":{"0":17,"1":17,"2":17,"3":17,"4":139,"5":139,"6":139,"7":139,"8":6,"9":6,"10":6,"11":6},"f":{"0":17,"1":139,"2":6},"b":{"0":[17]},"meta":{"lastBranch":1,"lastFunction":3,"lastStatement":12,"seen":{"s:2:20:2:Infinity":0,"s:3:18:3:Infinity":1,"f:4:2:4:14":0,"b:4:24:4:41":0,"s:5:4:5:Infinity":2,"s:6:4:6:Infinity":3,"s:11:20:11:Infinity":4,"s:12:18:12:Infinity":5,"f:13:2:13:14":1,"s:14:4:14:Infinity":6,"s:15:4:15:Infinity":7,"s:20:20:20:Infinity":8,"s:21:18:21:Infinity":9,"f:22:2:22:14":2,"s:23:4:23:Infinity":10,"s:24:4:24:Infinity":11}}}
,"/Users/danilt/prisma-guard/test/e2e/helpers.ts": {"path":"/Users/danilt/prisma-guard/test/e2e/helpers.ts","statementMap":{"0":{"start":{"line":4,"column":2},"end":{"line":19,"column":null}},"1":{"start":{"line":5,"column":10},"end":{"line":9,"column":null}},"2":{"start":{"line":11,"column":17},"end":{"line":11,"column":null}},"3":{"start":{"line":12,"column":17},"end":{"line":12,"column":null}},"4":{"start":{"line":14,"column":4},"end":{"line":14,"column":null}},"5":{"start":{"line":14,"column":35},"end":{"line":14,"column":55}},"6":{"start":{"line":15,"column":4},"end":{"line":15,"column":null}},"7":{"start":{"line":15,"column":35},"end":{"line":15,"column":55}},"8":{"start":{"line":17,"column":4},"end":{"line":17,"column":null}},"9":{"start":{"line":18,"column":4},"end":{"line":18,"column":null}},"10":{"start":{"line":18,"column":30},"end":{"line":18,"column":74}}},"fnMap":{"0":{"name":"run","decl":{"start":{"line":3,"column":16},"end":{"line":3,"column":20}},"loc":{"start":{"line":3,"column":97},"end":{"line":20,"column":null}},"line":3},"1":{"name":"(anonymous_1)","decl":{"start":{"line":4,"column":71},"end":{"line":4,"column":72}},"loc":{"start":{"line":4,"column":92},"end":{"line":19,"column":3}},"line":4},"2":{"name":"(anonymous_2)","decl":{"start":{"line":14,"column":28},"end":{"line":14,"column":33}},"loc":{"start":{"line":14,"column":33},"end":{"line":14,"column":56}},"line":14},"3":{"name":"(anonymous_3)","decl":{"start":{"line":15,"column":28},"end":{"line":15,"column":33}},"loc":{"start":{"line":15,"column":33},"end":{"line":15,"column":56}},"line":15},"4":{"name":"(anonymous_4)","decl":{"start":{"line":18,"column":22},"end":{"line":18,"column":30}},"loc":{"start":{"line":18,"column":30},"end":{"line":18,"column":74}},"line":18}},"branchMap":{"0":{"loc":{"start":{"line":7,"column":33},"end":{"line":7,"column":49}},"type":"binary-expr","locations":[{"start":{"line":7,"column":33},"end":{"line":7,"column":45}},{"start":{"line":7,"column":45},"end":{"line":7,"column":49}}],"line":7},"1":{"loc":{"start":{"line":18,"column":46},"end":{"line":18,"column":57}},"type":"binary-expr","locations":[{"start":{"line":18,"column":46},"end":{"line":18,"column":54}},{"start":{"line":18,"column":54},"end":{"line":18,"column":57}}],"line":18}},"s":{"0":15,"1":15,"2":15,"3":15,"4":15,"5":9,"6":15,"7":19,"8":15,"9":15,"10":15},"f":{"0":15,"1":15,"2":9,"3":19,"4":15},"b":{"0":[15,0],"1":[15,0]},"meta":{"lastBranch":2,"lastFunction":5,"lastStatement":11,"seen":{"f:3:16:3:20":0,"s:4:2:19:Infinity":0,"f:4:71:4:72":1,"s:5:10:9:Infinity":1,"b:7:33:7:45:7:45:7:49":0,"s:11:17:11:Infinity":2,"s:12:17:12:Infinity":3,"s:14:4:14:Infinity":4,"f:14:28:14:33":2,"s:14:35:14:55":5,"s:15:4:15:Infinity":6,"f:15:28:15:33":3,"s:15:35:15:55":7,"s:17:4:17:Infinity":8,"s:18:4:18:Infinity":9,"f:18:22:18:30":4,"s:18:30:18:74":10,"b:18:46:18:54:18:54:18:57":1}}}
}
